==== 2025-11-17 11:50:15 ====
File: ct_20251117_115014_691ae1c6be8a0.json
callphase={callphase} (allowed=calldisconnected) => skip creation.
POST:
Array
(
    [leadtype] => {leadtype}
    [callphase] => {callphase}
    [id] => {id}
    [changedFields] => {changedFields}
    [requestId] => {requestId}
    [requestNumber] => {requestNumber}
    [subject] => {subject}
    [ctCallerId] => {ctCallerId}
    [fio] => {fio}
    [callerphone] => 
    [email] => {email}
    [phonenumber] => 
    [subPoolName] => {subPoolName}
    [redirectNumber] => {redirectNumber}
    [duration] => {duration}
    [waiting_time] => {waiting_time}
    [calltime] => {calltime}
    [timestamp] => {timestamp}
    [requestDate] => {requestDate}
    [status] => {status}
    [statusDetails] => {statusDetails}
    [unique] => {unique}
    [targetcall] => {targetcall}
    [uniqtargetcall] => {uniqtargetcall}
    [callback] => {callback}
    [uniquerequest] => {uniquerequest}
    [targetrequest] => {targetrequest}
    [uniqtargetrequest] => {uniqtargetrequest}
    [worktime] => {worktime}
    [pool] => {pool}
    [rating] => {rating}
    [comment] => {comment}
    [tags_all] => {tags_all}
    [tags_auto_pr] => {tags_auto_pr}
    [tags_auto_af] => {tags_auto_af}
    [tags_auto_gr] => {tags_auto_gr}
    [tags_auto_ct] => {tags_auto_ct}
    [tags_auto_pn] => {tags_auto_pn}
    [tags_auto_text] => {tags_auto_text}
    [tags_manual] => {tags_manual}
    [tags_api] => {tags_api}
    [tags_request] => {tags_request}
    [tags_triggers] => {tags_triggers}
    [tags_xls] => {tags_xls}
    [attribution] => {attribution}
    [source] => {source}
    [medium] => {medium}
    [utm_source] => {utm_source}
    [utm_medium] => {utm_medium}
    [utm_campaign] => {utm_campaign}
    [utm_content] => {utm_content}
    [utm_term] => {utm_term}
    [add_url_params] => {add_url_params}
    [gcid] => {gcid}
    [yaClientId] => {yaClientId}
    [sessionId] => {sessionId}
    [ctClientId] => {ctClientId}
    [ctGlobalId] => {ctGlobalId}
    [hostname] => {hostname}
    [url] => {url}
    [attrs] => {attrs}
    [callUrl] => {callUrl}
    [requestUrl] => {requestUrl}
    [callback_request_id] => {callback_request_id}
    [callback_final_attempt] => {callback_final_attempt}
    [ref] => {ref}
    [city] => {city}
    [browser] => {browser}
    [os] => {os}
    [device] => {device}
    [ip] => {ip}
    [sip_call_id] => {sip_call_id}
    [callReferenceNumber] => {callReferenceNumber}
    [reclink] => {reclink}
    [orderId] => {orderId}
    [siteId] => {siteId}
    [siteName] => {siteName}
    [userAgent] => {userAgent}
    [sendingTimestamp] => {sendingTimestamp}
    [text] => {text}
    [manager] => {manager}
    [spam] => {spam}
    [callback_custom_fields] => {callback_custom_fields}
    [callback_request_facebook_lead_id] => {callback_request_facebook_lead_id}
    [leadsCampaignName] => {leadsCampaignName}
    [custom_fields] => {custom_fields}
)


==== 2025-11-17 11:50:18 ====
File: ct_20251117_115018_691ae1ca60d35.json
callphase={callphase} (allowed=calldisconnected) => skip creation.
POST:
Array
(
    [leadtype] => {leadtype}
    [callphase] => {callphase}
    [id] => {id}
    [changedFields] => {changedFields}
    [requestId] => {requestId}
    [requestNumber] => {requestNumber}
    [subject] => {subject}
    [ctCallerId] => {ctCallerId}
    [fio] => {fio}
    [callerphone] => 
    [email] => {email}
    [phonenumber] => 
    [subPoolName] => {subPoolName}
    [redirectNumber] => {redirectNumber}
    [duration] => {duration}
    [waiting_time] => {waiting_time}
    [calltime] => {calltime}
    [timestamp] => {timestamp}
    [requestDate] => {requestDate}
    [status] => {status}
    [statusDetails] => {statusDetails}
    [unique] => {unique}
    [targetcall] => {targetcall}
    [uniqtargetcall] => {uniqtargetcall}
    [callback] => {callback}
    [uniquerequest] => {uniquerequest}
    [targetrequest] => {targetrequest}
    [uniqtargetrequest] => {uniqtargetrequest}
    [worktime] => {worktime}
    [pool] => {pool}
    [rating] => {rating}
    [comment] => {comment}
    [tags_all] => {tags_all}
    [tags_auto_pr] => {tags_auto_pr}
    [tags_auto_af] => {tags_auto_af}
    [tags_auto_gr] => {tags_auto_gr}
    [tags_auto_ct] => {tags_auto_ct}
    [tags_auto_pn] => {tags_auto_pn}
    [tags_auto_text] => {tags_auto_text}
    [tags_manual] => {tags_manual}
    [tags_api] => {tags_api}
    [tags_request] => {tags_request}
    [tags_triggers] => {tags_triggers}
    [tags_xls] => {tags_xls}
    [attribution] => {attribution}
    [source] => {source}
    [medium] => {medium}
    [utm_source] => {utm_source}
    [utm_medium] => {utm_medium}
    [utm_campaign] => {utm_campaign}
    [utm_content] => {utm_content}
    [utm_term] => {utm_term}
    [add_url_params] => {add_url_params}
    [gcid] => {gcid}
    [yaClientId] => {yaClientId}
    [sessionId] => {sessionId}
    [ctClientId] => {ctClientId}
    [ctGlobalId] => {ctGlobalId}
    [hostname] => {hostname}
    [url] => {url}
    [attrs] => {attrs}
    [callUrl] => {callUrl}
    [requestUrl] => {requestUrl}
    [callback_request_id] => {callback_request_id}
    [callback_final_attempt] => {callback_final_attempt}
    [ref] => {ref}
    [city] => {city}
    [browser] => {browser}
    [os] => {os}
    [device] => {device}
    [ip] => {ip}
    [sip_call_id] => {sip_call_id}
    [callReferenceNumber] => {callReferenceNumber}
    [reclink] => {reclink}
    [orderId] => {orderId}
    [siteId] => {siteId}
    [siteName] => {siteName}
    [userAgent] => {userAgent}
    [sendingTimestamp] => {sendingTimestamp}
    [text] => {text}
    [manager] => {manager}
    [spam] => {spam}
    [callback_custom_fields] => {callback_custom_fields}
    [callback_request_facebook_lead_id] => {callback_request_facebook_lead_id}
    [leadsCampaignName] => {leadsCampaignName}
    [custom_fields] => {custom_fields}
)


==== 2025-11-18 06:05:00 ====
File: ct_20251118_060500_691be25c50d3a.json
callphase={callphase} (allowed=calldisconnected) => skip creation.
POST:
Array
(
    [leadtype] => {leadtype}
    [callphase] => {callphase}
    [id] => {id}
    [changedFields] => {changedFields}
    [requestId] => {requestId}
    [requestNumber] => {requestNumber}
    [subject] => {subject}
    [ctCallerId] => {ctCallerId}
    [fio] => {fio}
    [callerphone] => 
    [email] => {email}
    [phonenumber] => 
    [subPoolName] => {subPoolName}
    [redirectNumber] => {redirectNumber}
    [duration] => {duration}
    [waiting_time] => {waiting_time}
    [calltime] => {calltime}
    [timestamp] => {timestamp}
    [requestDate] => {requestDate}
    [status] => {status}
    [statusDetails] => {statusDetails}
    [unique] => {unique}
    [targetcall] => {targetcall}
    [uniqtargetcall] => {uniqtargetcall}
    [callback] => {callback}
    [uniquerequest] => {uniquerequest}
    [targetrequest] => {targetrequest}
    [uniqtargetrequest] => {uniqtargetrequest}
    [worktime] => {worktime}
    [pool] => {pool}
    [rating] => {rating}
    [comment] => {comment}
    [tags_all] => {tags_all}
    [tags_auto_pr] => {tags_auto_pr}
    [tags_auto_af] => {tags_auto_af}
    [tags_auto_gr] => {tags_auto_gr}
    [tags_auto_ct] => {tags_auto_ct}
    [tags_auto_pn] => {tags_auto_pn}
    [tags_auto_text] => {tags_auto_text}
    [tags_manual] => {tags_manual}
    [tags_api] => {tags_api}
    [tags_request] => {tags_request}
    [tags_triggers] => {tags_triggers}
    [tags_xls] => {tags_xls}
    [attribution] => {attribution}
    [source] => {source}
    [medium] => {medium}
    [utm_source] => {utm_source}
    [utm_medium] => {utm_medium}
    [utm_campaign] => {utm_campaign}
    [utm_content] => {utm_content}
    [utm_term] => {utm_term}
    [add_url_params] => {add_url_params}
    [gcid] => {gcid}
    [yaClientId] => {yaClientId}
    [sessionId] => {sessionId}
    [ctClientId] => {ctClientId}
    [ctGlobalId] => {ctGlobalId}
    [hostname] => {hostname}
    [url] => {url}
    [attrs] => {attrs}
    [callUrl] => {callUrl}
    [requestUrl] => {requestUrl}
    [callback_request_id] => {callback_request_id}
    [callback_final_attempt] => {callback_final_attempt}
    [ref] => {ref}
    [city] => {city}
    [browser] => {browser}
    [os] => {os}
    [device] => {device}
    [ip] => {ip}
    [sip_call_id] => {sip_call_id}
    [callReferenceNumber] => {callReferenceNumber}
    [reclink] => {reclink}
    [orderId] => {orderId}
    [siteId] => {siteId}
    [siteName] => {siteName}
    [userAgent] => {userAgent}
    [sendingTimestamp] => {sendingTimestamp}
    [text] => {text}
    [manager] => {manager}
    [spam] => {spam}
    [callback_custom_fields] => {callback_custom_fields}
    [callback_request_facebook_lead_id] => {callback_request_facebook_lead_id}
    [leadsCampaignName] => {leadsCampaignName}
    [custom_fields] => {custom_fields}
)


==== 2025-11-18 06:05:03 ====
File: ct_20251118_060503_691be25f6c1e3.json
callphase={callphase} (allowed=calldisconnected) => skip creation.
POST:
Array
(
    [leadtype] => {leadtype}
    [callphase] => {callphase}
    [id] => {id}
    [changedFields] => {changedFields}
    [requestId] => {requestId}
    [requestNumber] => {requestNumber}
    [subject] => {subject}
    [ctCallerId] => {ctCallerId}
    [fio] => {fio}
    [callerphone] => 
    [email] => {email}
    [phonenumber] => 
    [subPoolName] => {subPoolName}
    [redirectNumber] => {redirectNumber}
    [duration] => {duration}
    [waiting_time] => {waiting_time}
    [calltime] => {calltime}
    [timestamp] => {timestamp}
    [requestDate] => {requestDate}
    [status] => {status}
    [statusDetails] => {statusDetails}
    [unique] => {unique}
    [targetcall] => {targetcall}
    [uniqtargetcall] => {uniqtargetcall}
    [callback] => {callback}
    [uniquerequest] => {uniquerequest}
    [targetrequest] => {targetrequest}
    [uniqtargetrequest] => {uniqtargetrequest}
    [worktime] => {worktime}
    [pool] => {pool}
    [rating] => {rating}
    [comment] => {comment}
    [tags_all] => {tags_all}
    [tags_auto_pr] => {tags_auto_pr}
    [tags_auto_af] => {tags_auto_af}
    [tags_auto_gr] => {tags_auto_gr}
    [tags_auto_ct] => {tags_auto_ct}
    [tags_auto_pn] => {tags_auto_pn}
    [tags_auto_text] => {tags_auto_text}
    [tags_manual] => {tags_manual}
    [tags_api] => {tags_api}
    [tags_request] => {tags_request}
    [tags_triggers] => {tags_triggers}
    [tags_xls] => {tags_xls}
    [attribution] => {attribution}
    [source] => {source}
    [medium] => {medium}
    [utm_source] => {utm_source}
    [utm_medium] => {utm_medium}
    [utm_campaign] => {utm_campaign}
    [utm_content] => {utm_content}
    [utm_term] => {utm_term}
    [add_url_params] => {add_url_params}
    [gcid] => {gcid}
    [yaClientId] => {yaClientId}
    [sessionId] => {sessionId}
    [ctClientId] => {ctClientId}
    [ctGlobalId] => {ctGlobalId}
    [hostname] => {hostname}
    [url] => {url}
    [attrs] => {attrs}
    [callUrl] => {callUrl}
    [requestUrl] => {requestUrl}
    [callback_request_id] => {callback_request_id}
    [callback_final_attempt] => {callback_final_attempt}
    [ref] => {ref}
    [city] => {city}
    [browser] => {browser}
    [os] => {os}
    [device] => {device}
    [ip] => {ip}
    [sip_call_id] => {sip_call_id}
    [callReferenceNumber] => {callReferenceNumber}
    [reclink] => {reclink}
    [orderId] => {orderId}
    [siteId] => {siteId}
    [siteName] => {siteName}
    [userAgent] => {userAgent}
    [sendingTimestamp] => {sendingTimestamp}
    [text] => {text}
    [manager] => {manager}
    [spam] => {spam}
    [callback_custom_fields] => {callback_custom_fields}
    [callback_request_facebook_lead_id] => {callback_request_facebook_lead_id}
    [leadsCampaignName] => {leadsCampaignName}
    [custom_fields] => {custom_fields}
)


==== 2025-11-25 13:21:40 ====
File: ct_20251125_132140_692583349decf.json
callphase={callphase} (allowed=calldisconnected) => skip creation.
POST:
Array
(
    [leadtype] => {leadtype}
    [callphase] => {callphase}
    [id] => {id}
    [changedFields] => {changedFields}
    [requestId] => {requestId}
    [requestNumber] => {requestNumber}
    [subject] => {subject}
    [ctCallerId] => {ctCallerId}
    [fio] => {fio}
    [callerphone] => 
    [email] => {email}
    [phonenumber] => 
    [subPoolName] => {subPoolName}
    [redirectNumber] => {redirectNumber}
    [duration] => {duration}
    [waiting_time] => {waiting_time}
    [calltime] => {calltime}
    [timestamp] => {timestamp}
    [requestDate] => {requestDate}
    [status] => {status}
    [statusDetails] => {statusDetails}
    [unique] => {unique}
    [targetcall] => {targetcall}
    [uniqtargetcall] => {uniqtargetcall}
    [callback] => {callback}
    [uniquerequest] => {uniquerequest}
    [targetrequest] => {targetrequest}
    [uniqtargetrequest] => {uniqtargetrequest}
    [worktime] => {worktime}
    [pool] => {pool}
    [rating] => {rating}
    [comment] => {comment}
    [tags_all] => {tags_all}
    [tags_auto_pr] => {tags_auto_pr}
    [tags_auto_af] => {tags_auto_af}
    [tags_auto_gr] => {tags_auto_gr}
    [tags_auto_ct] => {tags_auto_ct}
    [tags_auto_pn] => {tags_auto_pn}
    [tags_auto_text] => {tags_auto_text}
    [tags_manual] => {tags_manual}
    [tags_api] => {tags_api}
    [tags_request] => {tags_request}
    [tags_triggers] => {tags_triggers}
    [tags_xls] => {tags_xls}
    [attribution] => {attribution}
    [source] => {source}
    [medium] => {medium}
    [utm_source] => {utm_source}
    [utm_medium] => {utm_medium}
    [utm_campaign] => {utm_campaign}
    [utm_content] => {utm_content}
    [utm_term] => {utm_term}
    [add_url_params] => {add_url_params}
    [gcid] => {gcid}
    [yaClientId] => {yaClientId}
    [sessionId] => {sessionId}
    [ctClientId] => {ctClientId}
    [ctGlobalId] => {ctGlobalId}
    [hostname] => {hostname}
    [url] => {url}
    [attrs] => {attrs}
    [callUrl] => {callUrl}
    [requestUrl] => {requestUrl}
    [callback_request_id] => {callback_request_id}
    [callback_final_attempt] => {callback_final_attempt}
    [ref] => {ref}
    [city] => {city}
    [browser] => {browser}
    [os] => {os}
    [device] => {device}
    [ip] => {ip}
    [sip_call_id] => {sip_call_id}
    [callReferenceNumber] => {callReferenceNumber}
    [reclink] => {reclink}
    [orderId] => {orderId}
    [siteId] => {siteId}
    [siteName] => {siteName}
    [userAgent] => {userAgent}
    [sendingTimestamp] => {sendingTimestamp}
    [text] => {text}
    [manager] => {manager}
    [spam] => {spam}
    [callback_custom_fields] => {callback_custom_fields}
    [callback_request_facebook_lead_id] => {callback_request_facebook_lead_id}
    [leadsCampaignName] => {leadsCampaignName}
    [custom_fields] => {custom_fields}
)


==== 2025-12-23 13:25:47 ====
File: ct_20251223_132546_694a6e2af2a0f.json
callphase={callphase} (allowed=calldisconnected) => skip creation.
POST:
Array
(
    [leadtype] => {leadtype}
    [callphase] => {callphase}
    [id] => {id}
    [changedFields] => {changedFields}
    [requestId] => {requestId}
    [requestNumber] => {requestNumber}
    [subject] => {subject}
    [ctCallerId] => {ctCallerId}
    [fio] => {fio}
    [callerphone] => 
    [email] => {email}
    [phonenumber] => 
    [subPoolName] => {subPoolName}
    [redirectNumber] => {redirectNumber}
    [duration] => {duration}
    [waiting_time] => {waiting_time}
    [calltime] => {calltime}
    [timestamp] => {timestamp}
    [requestDate] => {requestDate}
    [status] => {status}
    [statusDetails] => {statusDetails}
    [unique] => {unique}
    [targetcall] => {targetcall}
    [uniqtargetcall] => {uniqtargetcall}
    [callback] => {callback}
    [uniquerequest] => {uniquerequest}
    [targetrequest] => {targetrequest}
    [uniqtargetrequest] => {uniqtargetrequest}
    [worktime] => {worktime}
    [pool] => {pool}
    [rating] => {rating}
    [comment] => {comment}
    [tags_all] => {tags_all}
    [tags_auto_pr] => {tags_auto_pr}
    [tags_auto_af] => {tags_auto_af}
    [tags_auto_gr] => {tags_auto_gr}
    [tags_auto_ct] => {tags_auto_ct}
    [tags_auto_pn] => {tags_auto_pn}
    [tags_auto_text] => {tags_auto_text}
    [tags_manual] => {tags_manual}
    [tags_api] => {tags_api}
    [tags_request] => {tags_request}
    [tags_triggers] => {tags_triggers}
    [tags_xls] => {tags_xls}
    [attribution] => {attribution}
    [source] => {source}
    [medium] => {medium}
    [utm_source] => {utm_source}
    [utm_medium] => {utm_medium}
    [utm_campaign] => {utm_campaign}
    [utm_content] => {utm_content}
    [utm_term] => {utm_term}
    [add_url_params] => {add_url_params}
    [gcid] => {gcid}
    [yaClientId] => {yaClientId}
    [sessionId] => {sessionId}
    [ctClientId] => {ctClientId}
    [ctGlobalId] => {ctGlobalId}
    [hostname] => {hostname}
    [url] => {url}
    [attrs] => {attrs}
    [callUrl] => {callUrl}
    [requestUrl] => {requestUrl}
    [callback_request_id] => {callback_request_id}
    [callback_final_attempt] => {callback_final_attempt}
    [ref] => {ref}
    [city] => {city}
    [browser] => {browser}
    [os] => {os}
    [device] => {device}
    [ip] => {ip}
    [sip_call_id] => {sip_call_id}
    [callReferenceNumber] => {callReferenceNumber}
    [reclink] => {reclink}
    [orderId] => {orderId}
    [siteId] => {siteId}
    [siteName] => {siteName}
    [userAgent] => {userAgent}
    [sendingTimestamp] => {sendingTimestamp}
    [text] => {text}
    [manager] => {manager}
    [spam] => {spam}
    [callback_custom_fields] => {callback_custom_fields}
    [callback_request_facebook_lead_id] => {callback_request_facebook_lead_id}
    [leadsCampaignName] => {leadsCampaignName}
    [custom_fields] => {custom_fields}
)


==== 2025-12-23 13:27:47 ====
File: ct_20251223_132746_694a6ea2e4277.json
callphase={callphase} (allowed=calldisconnected) => skip creation.
POST:
Array
(
    [leadtype] => {leadtype}
    [callphase] => {callphase}
    [id] => {id}
    [changedFields] => {changedFields}
    [requestId] => {requestId}
    [requestNumber] => {requestNumber}
    [subject] => {subject}
    [ctCallerId] => {ctCallerId}
    [fio] => {fio}
    [callerphone] => 
    [email] => {email}
    [phonenumber] => 
    [subPoolName] => {subPoolName}
    [redirectNumber] => {redirectNumber}
    [duration] => {duration}
    [waiting_time] => {waiting_time}
    [calltime] => {calltime}
    [timestamp] => {timestamp}
    [requestDate] => {requestDate}
    [status] => {status}
    [statusDetails] => {statusDetails}
    [unique] => {unique}
    [targetcall] => {targetcall}
    [uniqtargetcall] => {uniqtargetcall}
    [callback] => {callback}
    [uniquerequest] => {uniquerequest}
    [targetrequest] => {targetrequest}
    [uniqtargetrequest] => {uniqtargetrequest}
    [worktime] => {worktime}
    [pool] => {pool}
    [rating] => {rating}
    [comment] => {comment}
    [tags_all] => {tags_all}
    [tags_auto_pr] => {tags_auto_pr}
    [tags_auto_af] => {tags_auto_af}
    [tags_auto_gr] => {tags_auto_gr}
    [tags_auto_ct] => {tags_auto_ct}
    [tags_auto_pn] => {tags_auto_pn}
    [tags_auto_text] => {tags_auto_text}
    [tags_manual] => {tags_manual}
    [tags_api] => {tags_api}
    [tags_request] => {tags_request}
    [tags_triggers] => {tags_triggers}
    [tags_xls] => {tags_xls}
    [attribution] => {attribution}
    [source] => {source}
    [medium] => {medium}
    [utm_source] => {utm_source}
    [utm_medium] => {utm_medium}
    [utm_campaign] => {utm_campaign}
    [utm_content] => {utm_content}
    [utm_term] => {utm_term}
    [add_url_params] => {add_url_params}
    [gcid] => {gcid}
    [yaClientId] => {yaClientId}
    [sessionId] => {sessionId}
    [ctClientId] => {ctClientId}
    [ctGlobalId] => {ctGlobalId}
    [hostname] => {hostname}
    [url] => {url}
    [attrs] => {attrs}
    [callUrl] => {callUrl}
    [requestUrl] => {requestUrl}
    [callback_request_id] => {callback_request_id}
    [callback_final_attempt] => {callback_final_attempt}
    [ref] => {ref}
    [city] => {city}
    [browser] => {browser}
    [os] => {os}
    [device] => {device}
    [ip] => {ip}
    [sip_call_id] => {sip_call_id}
    [callReferenceNumber] => {callReferenceNumber}
    [reclink] => {reclink}
    [orderId] => {orderId}
    [siteId] => {siteId}
    [siteName] => {siteName}
    [userAgent] => {userAgent}
    [sendingTimestamp] => {sendingTimestamp}
    [text] => {text}
    [manager] => {manager}
    [spam] => {spam}
    [callback_custom_fields] => {callback_custom_fields}
    [callback_request_facebook_lead_id] => {callback_request_facebook_lead_id}
    [leadsCampaignName] => {leadsCampaignName}
    [custom_fields] => {custom_fields}
)


==== 2025-12-23 13:30:02 ====
File: ct_20251223_133001_694a6f29dae9d.json
callphase={callphase} (allowed=calldisconnected) => skip creation.
POST:
Array
(
    [leadtype] => {leadtype}
    [callphase] => {callphase}
    [id] => {id}
    [changedFields] => {changedFields}
    [requestId] => {requestId}
    [requestNumber] => {requestNumber}
    [subject] => {subject}
    [ctCallerId] => {ctCallerId}
    [fio] => {fio}
    [callerphone] => 
    [email] => {email}
    [phonenumber] => 
    [subPoolName] => {subPoolName}
    [redirectNumber] => {redirectNumber}
    [duration] => {duration}
    [waiting_time] => {waiting_time}
    [calltime] => {calltime}
    [timestamp] => {timestamp}
    [requestDate] => {requestDate}
    [status] => {status}
    [statusDetails] => {statusDetails}
    [unique] => {unique}
    [targetcall] => {targetcall}
    [uniqtargetcall] => {uniqtargetcall}
    [callback] => {callback}
    [uniquerequest] => {uniquerequest}
    [targetrequest] => {targetrequest}
    [uniqtargetrequest] => {uniqtargetrequest}
    [worktime] => {worktime}
    [pool] => {pool}
    [rating] => {rating}
    [comment] => {comment}
    [tags_all] => {tags_all}
    [tags_auto_pr] => {tags_auto_pr}
    [tags_auto_af] => {tags_auto_af}
    [tags_auto_gr] => {tags_auto_gr}
    [tags_auto_ct] => {tags_auto_ct}
    [tags_auto_pn] => {tags_auto_pn}
    [tags_auto_text] => {tags_auto_text}
    [tags_manual] => {tags_manual}
    [tags_api] => {tags_api}
    [tags_request] => {tags_request}
    [tags_triggers] => {tags_triggers}
    [tags_xls] => {tags_xls}
    [attribution] => {attribution}
    [source] => {source}
    [medium] => {medium}
    [utm_source] => {utm_source}
    [utm_medium] => {utm_medium}
    [utm_campaign] => {utm_campaign}
    [utm_content] => {utm_content}
    [utm_term] => {utm_term}
    [add_url_params] => {add_url_params}
    [gcid] => {gcid}
    [yaClientId] => {yaClientId}
    [sessionId] => {sessionId}
    [ctClientId] => {ctClientId}
    [ctGlobalId] => {ctGlobalId}
    [hostname] => {hostname}
    [url] => {url}
    [attrs] => {attrs}
    [callUrl] => {callUrl}
    [requestUrl] => {requestUrl}
    [callback_request_id] => {callback_request_id}
    [callback_final_attempt] => {callback_final_attempt}
    [ref] => {ref}
    [city] => {city}
    [browser] => {browser}
    [os] => {os}
    [device] => {device}
    [ip] => {ip}
    [sip_call_id] => {sip_call_id}
    [callReferenceNumber] => {callReferenceNumber}
    [reclink] => {reclink}
    [orderId] => {orderId}
    [siteId] => {siteId}
    [siteName] => {siteName}
    [userAgent] => {userAgent}
    [sendingTimestamp] => {sendingTimestamp}
    [text] => {text}
    [manager] => {manager}
    [spam] => {spam}
    [callback_custom_fields] => {callback_custom_fields}
    [callback_request_facebook_lead_id] => {callback_request_facebook_lead_id}
    [leadsCampaignName] => {leadsCampaignName}
    [custom_fields] => {custom_fields}
)


==== 2025-12-23 13:30:07 ====
File: ct_20251223_133006_694a6f2eb4e5b.json
callphase={callphase} (allowed=calldisconnected) => skip creation.
POST:
Array
(
    [leadtype] => {leadtype}
    [callphase] => {callphase}
    [id] => {id}
    [changedFields] => {changedFields}
    [requestId] => {requestId}
    [requestNumber] => {requestNumber}
    [subject] => {subject}
    [ctCallerId] => {ctCallerId}
    [fio] => {fio}
    [callerphone] => 
    [email] => {email}
    [phonenumber] => 
    [subPoolName] => {subPoolName}
    [redirectNumber] => {redirectNumber}
    [duration] => {duration}
    [waiting_time] => {waiting_time}
    [calltime] => {calltime}
    [timestamp] => {timestamp}
    [requestDate] => {requestDate}
    [status] => {status}
    [statusDetails] => {statusDetails}
    [unique] => {unique}
    [targetcall] => {targetcall}
    [uniqtargetcall] => {uniqtargetcall}
    [callback] => {callback}
    [uniquerequest] => {uniquerequest}
    [targetrequest] => {targetrequest}
    [uniqtargetrequest] => {uniqtargetrequest}
    [worktime] => {worktime}
    [pool] => {pool}
    [rating] => {rating}
    [comment] => {comment}
    [tags_all] => {tags_all}
    [tags_auto_pr] => {tags_auto_pr}
    [tags_auto_af] => {tags_auto_af}
    [tags_auto_gr] => {tags_auto_gr}
    [tags_auto_ct] => {tags_auto_ct}
    [tags_auto_pn] => {tags_auto_pn}
    [tags_auto_text] => {tags_auto_text}
    [tags_manual] => {tags_manual}
    [tags_api] => {tags_api}
    [tags_request] => {tags_request}
    [tags_triggers] => {tags_triggers}
    [tags_xls] => {tags_xls}
    [attribution] => {attribution}
    [source] => {source}
    [medium] => {medium}
    [utm_source] => {utm_source}
    [utm_medium] => {utm_medium}
    [utm_campaign] => {utm_campaign}
    [utm_content] => {utm_content}
    [utm_term] => {utm_term}
    [add_url_params] => {add_url_params}
    [gcid] => {gcid}
    [yaClientId] => {yaClientId}
    [sessionId] => {sessionId}
    [ctClientId] => {ctClientId}
    [ctGlobalId] => {ctGlobalId}
    [hostname] => {hostname}
    [url] => {url}
    [attrs] => {attrs}
    [callUrl] => {callUrl}
    [requestUrl] => {requestUrl}
    [callback_request_id] => {callback_request_id}
    [callback_final_attempt] => {callback_final_attempt}
    [ref] => {ref}
    [city] => {city}
    [browser] => {browser}
    [os] => {os}
    [device] => {device}
    [ip] => {ip}
    [sip_call_id] => {sip_call_id}
    [callReferenceNumber] => {callReferenceNumber}
    [reclink] => {reclink}
    [orderId] => {orderId}
    [siteId] => {siteId}
    [siteName] => {siteName}
    [userAgent] => {userAgent}
    [sendingTimestamp] => {sendingTimestamp}
    [text] => {text}
    [manager] => {manager}
    [spam] => {spam}
    [callback_custom_fields] => {callback_custom_fields}
    [callback_request_facebook_lead_id] => {callback_request_facebook_lead_id}
    [leadsCampaignName] => {leadsCampaignName}
    [custom_fields] => {custom_fields}
)


==== 2025-12-23 13:34:01 ====
File: ct_20251223_133400_694a7018ee86b.json
callphase={callphase} (allowed=calldisconnected) => skip creation.
POST:
Array
(
    [leadtype] => {leadtype}
    [callphase] => {callphase}
    [id] => {id}
    [changedFields] => {changedFields}
    [requestId] => {requestId}
    [requestNumber] => {requestNumber}
    [subject] => {subject}
    [ctCallerId] => {ctCallerId}
    [fio] => {fio}
    [callerphone] => 
    [email] => {email}
    [phonenumber] => 
    [subPoolName] => {subPoolName}
    [redirectNumber] => {redirectNumber}
    [duration] => {duration}
    [waiting_time] => {waiting_time}
    [calltime] => {calltime}
    [timestamp] => {timestamp}
    [requestDate] => {requestDate}
    [status] => {status}
    [statusDetails] => {statusDetails}
    [unique] => {unique}
    [targetcall] => {targetcall}
    [uniqtargetcall] => {uniqtargetcall}
    [callback] => {callback}
    [uniquerequest] => {uniquerequest}
    [targetrequest] => {targetrequest}
    [uniqtargetrequest] => {uniqtargetrequest}
    [worktime] => {worktime}
    [pool] => {pool}
    [rating] => {rating}
    [comment] => {comment}
    [tags_all] => {tags_all}
    [tags_auto_pr] => {tags_auto_pr}
    [tags_auto_af] => {tags_auto_af}
    [tags_auto_gr] => {tags_auto_gr}
    [tags_auto_ct] => {tags_auto_ct}
    [tags_auto_pn] => {tags_auto_pn}
    [tags_auto_text] => {tags_auto_text}
    [tags_manual] => {tags_manual}
    [tags_api] => {tags_api}
    [tags_request] => {tags_request}
    [tags_triggers] => {tags_triggers}
    [tags_xls] => {tags_xls}
    [attribution] => {attribution}
    [source] => {source}
    [medium] => {medium}
    [utm_source] => {utm_source}
    [utm_medium] => {utm_medium}
    [utm_campaign] => {utm_campaign}
    [utm_content] => {utm_content}
    [utm_term] => {utm_term}
    [add_url_params] => {add_url_params}
    [gcid] => {gcid}
    [yaClientId] => {yaClientId}
    [sessionId] => {sessionId}
    [ctClientId] => {ctClientId}
    [ctGlobalId] => {ctGlobalId}
    [hostname] => {hostname}
    [url] => {url}
    [attrs] => {attrs}
    [callUrl] => {callUrl}
    [requestUrl] => {requestUrl}
    [callback_request_id] => {callback_request_id}
    [callback_final_attempt] => {callback_final_attempt}
    [ref] => {ref}
    [city] => {city}
    [browser] => {browser}
    [os] => {os}
    [device] => {device}
    [ip] => {ip}
    [sip_call_id] => {sip_call_id}
    [callReferenceNumber] => {callReferenceNumber}
    [reclink] => {reclink}
    [orderId] => {orderId}
    [siteId] => {siteId}
    [siteName] => {siteName}
    [userAgent] => {userAgent}
    [sendingTimestamp] => {sendingTimestamp}
    [text] => {text}
    [manager] => {manager}
    [spam] => {spam}
    [callback_custom_fields] => {callback_custom_fields}
    [callback_request_facebook_lead_id] => {callback_request_facebook_lead_id}
    [leadsCampaignName] => {leadsCampaignName}
    [custom_fields] => {custom_fields}
)


==== 2025-12-23 13:34:23 ====
File: ct_20251223_133423_694a702f104f9.json
callphase={callphase} (allowed=calldisconnected) => skip creation.
POST:
Array
(
    [leadtype] => {leadtype}
    [callphase] => {callphase}
    [id] => {id}
    [changedFields] => {changedFields}
    [requestId] => {requestId}
    [requestNumber] => {requestNumber}
    [subject] => {subject}
    [ctCallerId] => {ctCallerId}
    [fio] => {fio}
    [callerphone] => 
    [email] => {email}
    [phonenumber] => 
    [subPoolName] => {subPoolName}
    [redirectNumber] => {redirectNumber}
    [duration] => {duration}
    [waiting_time] => {waiting_time}
    [calltime] => {calltime}
    [timestamp] => {timestamp}
    [requestDate] => {requestDate}
    [status] => {status}
    [statusDetails] => {statusDetails}
    [unique] => {unique}
    [targetcall] => {targetcall}
    [uniqtargetcall] => {uniqtargetcall}
    [callback] => {callback}
    [uniquerequest] => {uniquerequest}
    [targetrequest] => {targetrequest}
    [uniqtargetrequest] => {uniqtargetrequest}
    [worktime] => {worktime}
    [pool] => {pool}
    [rating] => {rating}
    [comment] => {comment}
    [tags_all] => {tags_all}
    [tags_auto_pr] => {tags_auto_pr}
    [tags_auto_af] => {tags_auto_af}
    [tags_auto_gr] => {tags_auto_gr}
    [tags_auto_ct] => {tags_auto_ct}
    [tags_auto_pn] => {tags_auto_pn}
    [tags_auto_text] => {tags_auto_text}
    [tags_manual] => {tags_manual}
    [tags_api] => {tags_api}
    [tags_request] => {tags_request}
    [tags_triggers] => {tags_triggers}
    [tags_xls] => {tags_xls}
    [attribution] => {attribution}
    [source] => {source}
    [medium] => {medium}
    [utm_source] => {utm_source}
    [utm_medium] => {utm_medium}
    [utm_campaign] => {utm_campaign}
    [utm_content] => {utm_content}
    [utm_term] => {utm_term}
    [add_url_params] => {add_url_params}
    [gcid] => {gcid}
    [yaClientId] => {yaClientId}
    [sessionId] => {sessionId}
    [ctClientId] => {ctClientId}
    [ctGlobalId] => {ctGlobalId}
    [hostname] => {hostname}
    [url] => {url}
    [attrs] => {attrs}
    [callUrl] => {callUrl}
    [requestUrl] => {requestUrl}
    [callback_request_id] => {callback_request_id}
    [callback_final_attempt] => {callback_final_attempt}
    [ref] => {ref}
    [city] => {city}
    [browser] => {browser}
    [os] => {os}
    [device] => {device}
    [ip] => {ip}
    [sip_call_id] => {sip_call_id}
    [callReferenceNumber] => {callReferenceNumber}
    [reclink] => {reclink}
    [orderId] => {orderId}
    [siteId] => {siteId}
    [siteName] => {siteName}
    [userAgent] => {userAgent}
    [sendingTimestamp] => {sendingTimestamp}
    [text] => {text}
    [manager] => {manager}
    [spam] => {spam}
    [callback_custom_fields] => {callback_custom_fields}
    [callback_request_facebook_lead_id] => {callback_request_facebook_lead_id}
    [leadsCampaignName] => {leadsCampaignName}
    [custom_fields] => {custom_fields}
)


==== 2025-12-23 13:34:27 ====
File: ct_20251223_133426_694a7032f22c4.json
callphase={callphase} (allowed=calldisconnected) => skip creation.
POST:
Array
(
    [leadtype] => {leadtype}
    [callphase] => {callphase}
    [id] => {id}
    [changedFields] => {changedFields}
    [requestId] => {requestId}
    [requestNumber] => {requestNumber}
    [subject] => {subject}
    [ctCallerId] => {ctCallerId}
    [fio] => {fio}
    [callerphone] => 
    [email] => {email}
    [phonenumber] => 
    [subPoolName] => {subPoolName}
    [redirectNumber] => {redirectNumber}
    [duration] => {duration}
    [waiting_time] => {waiting_time}
    [calltime] => {calltime}
    [timestamp] => {timestamp}
    [requestDate] => {requestDate}
    [status] => {status}
    [statusDetails] => {statusDetails}
    [unique] => {unique}
    [targetcall] => {targetcall}
    [uniqtargetcall] => {uniqtargetcall}
    [callback] => {callback}
    [uniquerequest] => {uniquerequest}
    [targetrequest] => {targetrequest}
    [uniqtargetrequest] => {uniqtargetrequest}
    [worktime] => {worktime}
    [pool] => {pool}
    [rating] => {rating}
    [comment] => {comment}
    [tags_all] => {tags_all}
    [tags_auto_pr] => {tags_auto_pr}
    [tags_auto_af] => {tags_auto_af}
    [tags_auto_gr] => {tags_auto_gr}
    [tags_auto_ct] => {tags_auto_ct}
    [tags_auto_pn] => {tags_auto_pn}
    [tags_auto_text] => {tags_auto_text}
    [tags_manual] => {tags_manual}
    [tags_api] => {tags_api}
    [tags_request] => {tags_request}
    [tags_triggers] => {tags_triggers}
    [tags_xls] => {tags_xls}
    [attribution] => {attribution}
    [source] => {source}
    [medium] => {medium}
    [utm_source] => {utm_source}
    [utm_medium] => {utm_medium}
    [utm_campaign] => {utm_campaign}
    [utm_content] => {utm_content}
    [utm_term] => {utm_term}
    [add_url_params] => {add_url_params}
    [gcid] => {gcid}
    [yaClientId] => {yaClientId}
    [sessionId] => {sessionId}
    [ctClientId] => {ctClientId}
    [ctGlobalId] => {ctGlobalId}
    [hostname] => {hostname}
    [url] => {url}
    [attrs] => {attrs}
    [callUrl] => {callUrl}
    [requestUrl] => {requestUrl}
    [callback_request_id] => {callback_request_id}
    [callback_final_attempt] => {callback_final_attempt}
    [ref] => {ref}
    [city] => {city}
    [browser] => {browser}
    [os] => {os}
    [device] => {device}
    [ip] => {ip}
    [sip_call_id] => {sip_call_id}
    [callReferenceNumber] => {callReferenceNumber}
    [reclink] => {reclink}
    [orderId] => {orderId}
    [siteId] => {siteId}
    [siteName] => {siteName}
    [userAgent] => {userAgent}
    [sendingTimestamp] => {sendingTimestamp}
    [text] => {text}
    [manager] => {manager}
    [spam] => {spam}
    [callback_custom_fields] => {callback_custom_fields}
    [callback_request_facebook_lead_id] => {callback_request_facebook_lead_id}
    [leadsCampaignName] => {leadsCampaignName}
    [custom_fields] => {custom_fields}
)


==== 2025-12-23 13:34:31 ====
File: ct_20251223_133431_694a7037287ef.json
callphase={callphase} (allowed=calldisconnected) => skip creation.
POST:
Array
(
    [leadtype] => {leadtype}
    [callphase] => {callphase}
    [id] => {id}
    [changedFields] => {changedFields}
    [requestId] => {requestId}
    [requestNumber] => {requestNumber}
    [subject] => {subject}
    [ctCallerId] => {ctCallerId}
    [fio] => {fio}
    [callerphone] => 
    [email] => {email}
    [phonenumber] => 
    [subPoolName] => {subPoolName}
    [redirectNumber] => {redirectNumber}
    [duration] => {duration}
    [waiting_time] => {waiting_time}
    [calltime] => {calltime}
    [timestamp] => {timestamp}
    [requestDate] => {requestDate}
    [status] => {status}
    [statusDetails] => {statusDetails}
    [unique] => {unique}
    [targetcall] => {targetcall}
    [uniqtargetcall] => {uniqtargetcall}
    [callback] => {callback}
    [uniquerequest] => {uniquerequest}
    [targetrequest] => {targetrequest}
    [uniqtargetrequest] => {uniqtargetrequest}
    [worktime] => {worktime}
    [pool] => {pool}
    [rating] => {rating}
    [comment] => {comment}
    [tags_all] => {tags_all}
    [tags_auto_pr] => {tags_auto_pr}
    [tags_auto_af] => {tags_auto_af}
    [tags_auto_gr] => {tags_auto_gr}
    [tags_auto_ct] => {tags_auto_ct}
    [tags_auto_pn] => {tags_auto_pn}
    [tags_auto_text] => {tags_auto_text}
    [tags_manual] => {tags_manual}
    [tags_api] => {tags_api}
    [tags_request] => {tags_request}
    [tags_triggers] => {tags_triggers}
    [tags_xls] => {tags_xls}
    [attribution] => {attribution}
    [source] => {source}
    [medium] => {medium}
    [utm_source] => {utm_source}
    [utm_medium] => {utm_medium}
    [utm_campaign] => {utm_campaign}
    [utm_content] => {utm_content}
    [utm_term] => {utm_term}
    [add_url_params] => {add_url_params}
    [gcid] => {gcid}
    [yaClientId] => {yaClientId}
    [sessionId] => {sessionId}
    [ctClientId] => {ctClientId}
    [ctGlobalId] => {ctGlobalId}
    [hostname] => {hostname}
    [url] => {url}
    [attrs] => {attrs}
    [callUrl] => {callUrl}
    [requestUrl] => {requestUrl}
    [callback_request_id] => {callback_request_id}
    [callback_final_attempt] => {callback_final_attempt}
    [ref] => {ref}
    [city] => {city}
    [browser] => {browser}
    [os] => {os}
    [device] => {device}
    [ip] => {ip}
    [sip_call_id] => {sip_call_id}
    [callReferenceNumber] => {callReferenceNumber}
    [reclink] => {reclink}
    [orderId] => {orderId}
    [siteId] => {siteId}
    [siteName] => {siteName}
    [userAgent] => {userAgent}
    [sendingTimestamp] => {sendingTimestamp}
    [text] => {text}
    [manager] => {manager}
    [spam] => {spam}
    [callback_custom_fields] => {callback_custom_fields}
    [callback_request_facebook_lead_id] => {callback_request_facebook_lead_id}
    [leadsCampaignName] => {leadsCampaignName}
    [custom_fields] => {custom_fields}
)


==== 2025-12-23 13:36:27 ====
File: ct_20251223_133626_694a70aab7668.json
callphase={callphase} (allowed=calldisconnected) => skip creation.
POST:
Array
(
    [leadtype] => {leadtype}
    [callphase] => {callphase}
    [id] => {id}
    [changedFields] => {changedFields}
    [requestId] => {requestId}
    [requestNumber] => {requestNumber}
    [subject] => {subject}
    [ctCallerId] => {ctCallerId}
    [fio] => {fio}
    [callerphone] => 
    [email] => {email}
    [phonenumber] => 
    [subPoolName] => {subPoolName}
    [redirectNumber] => {redirectNumber}
    [duration] => {duration}
    [waiting_time] => {waiting_time}
    [calltime] => {calltime}
    [timestamp] => {timestamp}
    [requestDate] => {requestDate}
    [status] => {status}
    [statusDetails] => {statusDetails}
    [unique] => {unique}
    [targetcall] => {targetcall}
    [uniqtargetcall] => {uniqtargetcall}
    [callback] => {callback}
    [uniquerequest] => {uniquerequest}
    [targetrequest] => {targetrequest}
    [uniqtargetrequest] => {uniqtargetrequest}
    [worktime] => {worktime}
    [pool] => {pool}
    [rating] => {rating}
    [comment] => {comment}
    [tags_all] => {tags_all}
    [tags_auto_pr] => {tags_auto_pr}
    [tags_auto_af] => {tags_auto_af}
    [tags_auto_gr] => {tags_auto_gr}
    [tags_auto_ct] => {tags_auto_ct}
    [tags_auto_pn] => {tags_auto_pn}
    [tags_auto_text] => {tags_auto_text}
    [tags_manual] => {tags_manual}
    [tags_api] => {tags_api}
    [tags_request] => {tags_request}
    [tags_triggers] => {tags_triggers}
    [tags_xls] => {tags_xls}
    [attribution] => {attribution}
    [source] => {source}
    [medium] => {medium}
    [utm_source] => {utm_source}
    [utm_medium] => {utm_medium}
    [utm_campaign] => {utm_campaign}
    [utm_content] => {utm_content}
    [utm_term] => {utm_term}
    [add_url_params] => {add_url_params}
    [gcid] => {gcid}
    [yaClientId] => {yaClientId}
    [sessionId] => {sessionId}
    [ctClientId] => {ctClientId}
    [ctGlobalId] => {ctGlobalId}
    [hostname] => {hostname}
    [url] => {url}
    [attrs] => {attrs}
    [callUrl] => {callUrl}
    [requestUrl] => {requestUrl}
    [callback_request_id] => {callback_request_id}
    [callback_final_attempt] => {callback_final_attempt}
    [ref] => {ref}
    [city] => {city}
    [browser] => {browser}
    [os] => {os}
    [device] => {device}
    [ip] => {ip}
    [sip_call_id] => {sip_call_id}
    [callReferenceNumber] => {callReferenceNumber}
    [reclink] => {reclink}
    [orderId] => {orderId}
    [siteId] => {siteId}
    [siteName] => {siteName}
    [userAgent] => {userAgent}
    [sendingTimestamp] => {sendingTimestamp}
    [text] => {text}
    [manager] => {manager}
    [spam] => {spam}
    [callback_custom_fields] => {callback_custom_fields}
    [callback_request_facebook_lead_id] => {callback_request_facebook_lead_id}
    [leadsCampaignName] => {leadsCampaignName}
    [custom_fields] => {custom_fields}
)


==== 2025-12-23 13:37:58 ====
File: ct_20251223_133758_694a71068698c.json
callphase={callphase} (allowed=calldisconnected) => skip creation.
POST:
Array
(
    [leadtype] => {leadtype}
    [callphase] => {callphase}
    [id] => {id}
    [changedFields] => {changedFields}
    [requestId] => {requestId}
    [requestNumber] => {requestNumber}
    [subject] => {subject}
    [ctCallerId] => {ctCallerId}
    [fio] => {fio}
    [callerphone] => 
    [email] => {email}
    [phonenumber] => 
    [subPoolName] => {subPoolName}
    [redirectNumber] => {redirectNumber}
    [duration] => {duration}
    [waiting_time] => {waiting_time}
    [calltime] => {calltime}
    [timestamp] => {timestamp}
    [requestDate] => {requestDate}
    [status] => {status}
    [statusDetails] => {statusDetails}
    [unique] => {unique}
    [targetcall] => {targetcall}
    [uniqtargetcall] => {uniqtargetcall}
    [callback] => {callback}
    [uniquerequest] => {uniquerequest}
    [targetrequest] => {targetrequest}
    [uniqtargetrequest] => {uniqtargetrequest}
    [worktime] => {worktime}
    [pool] => {pool}
    [rating] => {rating}
    [comment] => {comment}
    [tags_all] => {tags_all}
    [tags_auto_pr] => {tags_auto_pr}
    [tags_auto_af] => {tags_auto_af}
    [tags_auto_gr] => {tags_auto_gr}
    [tags_auto_ct] => {tags_auto_ct}
    [tags_auto_pn] => {tags_auto_pn}
    [tags_auto_text] => {tags_auto_text}
    [tags_manual] => {tags_manual}
    [tags_api] => {tags_api}
    [tags_request] => {tags_request}
    [tags_triggers] => {tags_triggers}
    [tags_xls] => {tags_xls}
    [attribution] => {attribution}
    [source] => {source}
    [medium] => {medium}
    [utm_source] => {utm_source}
    [utm_medium] => {utm_medium}
    [utm_campaign] => {utm_campaign}
    [utm_content] => {utm_content}
    [utm_term] => {utm_term}
    [add_url_params] => {add_url_params}
    [gcid] => {gcid}
    [yaClientId] => {yaClientId}
    [sessionId] => {sessionId}
    [ctClientId] => {ctClientId}
    [ctGlobalId] => {ctGlobalId}
    [hostname] => {hostname}
    [url] => {url}
    [attrs] => {attrs}
    [callUrl] => {callUrl}
    [requestUrl] => {requestUrl}
    [callback_request_id] => {callback_request_id}
    [callback_final_attempt] => {callback_final_attempt}
    [ref] => {ref}
    [city] => {city}
    [browser] => {browser}
    [os] => {os}
    [device] => {device}
    [ip] => {ip}
    [sip_call_id] => {sip_call_id}
    [callReferenceNumber] => {callReferenceNumber}
    [reclink] => {reclink}
    [orderId] => {orderId}
    [siteId] => {siteId}
    [siteName] => {siteName}
    [userAgent] => {userAgent}
    [sendingTimestamp] => {sendingTimestamp}
    [text] => {text}
    [manager] => {manager}
    [spam] => {spam}
    [callback_custom_fields] => {callback_custom_fields}
    [callback_request_facebook_lead_id] => {callback_request_facebook_lead_id}
    [leadsCampaignName] => {leadsCampaignName}
    [custom_fields] => {custom_fields}
)


==== 2025-12-23 13:38:56 ====
File: ct_20251223_133856_694a7140281fa.json
callphase={callphase} (allowed=calldisconnected) => skip creation.
POST:
Array
(
    [leadtype] => {leadtype}
    [callphase] => {callphase}
    [id] => {id}
    [changedFields] => {changedFields}
    [requestId] => {requestId}
    [requestNumber] => {requestNumber}
    [subject] => {subject}
    [ctCallerId] => {ctCallerId}
    [fio] => {fio}
    [callerphone] => 
    [email] => {email}
    [phonenumber] => 
    [subPoolName] => {subPoolName}
    [redirectNumber] => {redirectNumber}
    [duration] => {duration}
    [waiting_time] => {waiting_time}
    [calltime] => {calltime}
    [timestamp] => {timestamp}
    [requestDate] => {requestDate}
    [status] => {status}
    [statusDetails] => {statusDetails}
    [unique] => {unique}
    [targetcall] => {targetcall}
    [uniqtargetcall] => {uniqtargetcall}
    [callback] => {callback}
    [uniquerequest] => {uniquerequest}
    [targetrequest] => {targetrequest}
    [uniqtargetrequest] => {uniqtargetrequest}
    [worktime] => {worktime}
    [pool] => {pool}
    [rating] => {rating}
    [comment] => {comment}
    [tags_all] => {tags_all}
    [tags_auto_pr] => {tags_auto_pr}
    [tags_auto_af] => {tags_auto_af}
    [tags_auto_gr] => {tags_auto_gr}
    [tags_auto_ct] => {tags_auto_ct}
    [tags_auto_pn] => {tags_auto_pn}
    [tags_auto_text] => {tags_auto_text}
    [tags_manual] => {tags_manual}
    [tags_api] => {tags_api}
    [tags_request] => {tags_request}
    [tags_triggers] => {tags_triggers}
    [tags_xls] => {tags_xls}
    [attribution] => {attribution}
    [source] => {source}
    [medium] => {medium}
    [utm_source] => {utm_source}
    [utm_medium] => {utm_medium}
    [utm_campaign] => {utm_campaign}
    [utm_content] => {utm_content}
    [utm_term] => {utm_term}
    [add_url_params] => {add_url_params}
    [gcid] => {gcid}
    [yaClientId] => {yaClientId}
    [sessionId] => {sessionId}
    [ctClientId] => {ctClientId}
    [ctGlobalId] => {ctGlobalId}
    [hostname] => {hostname}
    [url] => {url}
    [attrs] => {attrs}
    [callUrl] => {callUrl}
    [requestUrl] => {requestUrl}
    [callback_request_id] => {callback_request_id}
    [callback_final_attempt] => {callback_final_attempt}
    [ref] => {ref}
    [city] => {city}
    [browser] => {browser}
    [os] => {os}
    [device] => {device}
    [ip] => {ip}
    [sip_call_id] => {sip_call_id}
    [callReferenceNumber] => {callReferenceNumber}
    [reclink] => {reclink}
    [orderId] => {orderId}
    [siteId] => {siteId}
    [siteName] => {siteName}
    [userAgent] => {userAgent}
    [sendingTimestamp] => {sendingTimestamp}
    [text] => {text}
    [manager] => {manager}
    [spam] => {spam}
    [callback_custom_fields] => {callback_custom_fields}
    [callback_request_facebook_lead_id] => {callback_request_facebook_lead_id}
    [leadsCampaignName] => {leadsCampaignName}
    [custom_fields] => {custom_fields}
)


==== 2025-12-23 13:39:00 ====
File: ct_20251223_133900_694a714485b6f.json
callphase={callphase} (allowed=calldisconnected) => skip creation.
POST:
Array
(
    [leadtype] => {leadtype}
    [callphase] => {callphase}
    [id] => {id}
    [changedFields] => {changedFields}
    [requestId] => {requestId}
    [requestNumber] => {requestNumber}
    [subject] => {subject}
    [ctCallerId] => {ctCallerId}
    [fio] => {fio}
    [callerphone] => 
    [email] => {email}
    [phonenumber] => 
    [subPoolName] => {subPoolName}
    [redirectNumber] => {redirectNumber}
    [duration] => {duration}
    [waiting_time] => {waiting_time}
    [calltime] => {calltime}
    [timestamp] => {timestamp}
    [requestDate] => {requestDate}
    [status] => {status}
    [statusDetails] => {statusDetails}
    [unique] => {unique}
    [targetcall] => {targetcall}
    [uniqtargetcall] => {uniqtargetcall}
    [callback] => {callback}
    [uniquerequest] => {uniquerequest}
    [targetrequest] => {targetrequest}
    [uniqtargetrequest] => {uniqtargetrequest}
    [worktime] => {worktime}
    [pool] => {pool}
    [rating] => {rating}
    [comment] => {comment}
    [tags_all] => {tags_all}
    [tags_auto_pr] => {tags_auto_pr}
    [tags_auto_af] => {tags_auto_af}
    [tags_auto_gr] => {tags_auto_gr}
    [tags_auto_ct] => {tags_auto_ct}
    [tags_auto_pn] => {tags_auto_pn}
    [tags_auto_text] => {tags_auto_text}
    [tags_manual] => {tags_manual}
    [tags_api] => {tags_api}
    [tags_request] => {tags_request}
    [tags_triggers] => {tags_triggers}
    [tags_xls] => {tags_xls}
    [attribution] => {attribution}
    [source] => {source}
    [medium] => {medium}
    [utm_source] => {utm_source}
    [utm_medium] => {utm_medium}
    [utm_campaign] => {utm_campaign}
    [utm_content] => {utm_content}
    [utm_term] => {utm_term}
    [add_url_params] => {add_url_params}
    [gcid] => {gcid}
    [yaClientId] => {yaClientId}
    [sessionId] => {sessionId}
    [ctClientId] => {ctClientId}
    [ctGlobalId] => {ctGlobalId}
    [hostname] => {hostname}
    [url] => {url}
    [attrs] => {attrs}
    [callUrl] => {callUrl}
    [requestUrl] => {requestUrl}
    [callback_request_id] => {callback_request_id}
    [callback_final_attempt] => {callback_final_attempt}
    [ref] => {ref}
    [city] => {city}
    [browser] => {browser}
    [os] => {os}
    [device] => {device}
    [ip] => {ip}
    [sip_call_id] => {sip_call_id}
    [callReferenceNumber] => {callReferenceNumber}
    [reclink] => {reclink}
    [orderId] => {orderId}
    [siteId] => {siteId}
    [siteName] => {siteName}
    [userAgent] => {userAgent}
    [sendingTimestamp] => {sendingTimestamp}
    [text] => {text}
    [manager] => {manager}
    [spam] => {spam}
    [callback_custom_fields] => {callback_custom_fields}
    [callback_request_facebook_lead_id] => {callback_request_facebook_lead_id}
    [leadsCampaignName] => {leadsCampaignName}
    [custom_fields] => {custom_fields}
)


==== 2026-01-26 09:26:05 ====
File: ct_20260126_092605_697708fd2c050.json
callphase={callphase} (allowed=calldisconnected) => skip creation.
POST:
Array
(
    [leadtype] => {leadtype}
    [callphase] => {callphase}
    [id] => {id}
    [changedFields] => {changedFields}
    [requestId] => {requestId}
    [requestNumber] => {requestNumber}
    [subject] => {subject}
    [ctCallerId] => {ctCallerId}
    [fio] => {fio}
    [callerphone] => 
    [email] => {email}
    [phonenumber] => 
    [subPoolName] => {subPoolName}
    [redirectNumber] => {redirectNumber}
    [duration] => {duration}
    [waiting_time] => {waiting_time}
    [calltime] => {calltime}
    [timestamp] => {timestamp}
    [requestDate] => {requestDate}
    [status] => {status}
    [statusDetails] => {statusDetails}
    [unique] => {unique}
    [targetcall] => {targetcall}
    [uniqtargetcall] => {uniqtargetcall}
    [callback] => {callback}
    [uniquerequest] => {uniquerequest}
    [targetrequest] => {targetrequest}
    [uniqtargetrequest] => {uniqtargetrequest}
    [worktime] => {worktime}
    [pool] => {pool}
    [rating] => {rating}
    [comment] => {comment}
    [tags_all] => {tags_all}
    [tags_auto_pr] => {tags_auto_pr}
    [tags_auto_af] => {tags_auto_af}
    [tags_auto_gr] => {tags_auto_gr}
    [tags_auto_ct] => {tags_auto_ct}
    [tags_auto_pn] => {tags_auto_pn}
    [tags_auto_text] => {tags_auto_text}
    [tags_manual] => {tags_manual}
    [tags_api] => {tags_api}
    [tags_request] => {tags_request}
    [tags_triggers] => {tags_triggers}
    [tags_xls] => {tags_xls}
    [attribution] => {attribution}
    [source] => {source}
    [medium] => {medium}
    [utm_source] => {utm_source}
    [utm_medium] => {utm_medium}
    [utm_campaign] => {utm_campaign}
    [utm_content] => {utm_content}
    [utm_term] => {utm_term}
    [add_url_params] => {add_url_params}
    [gcid] => {gcid}
    [yaClientId] => {yaClientId}
    [sessionId] => {sessionId}
    [ctClientId] => {ctClientId}
    [ctGlobalId] => {ctGlobalId}
    [hostname] => {hostname}
    [url] => {url}
    [attrs] => {attrs}
    [callUrl] => {callUrl}
    [requestUrl] => {requestUrl}
    [callback_request_id] => {callback_request_id}
    [callback_final_attempt] => {callback_final_attempt}
    [ref] => {ref}
    [city] => {city}
    [browser] => {browser}
    [os] => {os}
    [device] => {device}
    [ip] => {ip}
    [sip_call_id] => {sip_call_id}
    [callReferenceNumber] => {callReferenceNumber}
    [reclink] => {reclink}
    [orderId] => {orderId}
    [siteId] => {siteId}
    [siteName] => {siteName}
    [userAgent] => {userAgent}
    [sendingTimestamp] => {sendingTimestamp}
    [text] => {text}
    [manager] => {manager}
    [spam] => {spam}
    [callback_custom_fields] => {callback_custom_fields}
    [callback_request_facebook_lead_id] => {callback_request_facebook_lead_id}
    [leadsCampaignName] => {leadsCampaignName}
    [custom_fields] => {custom_fields}
)


==== 2026-01-26 09:26:09 ====
File: ct_20260126_092608_69770900b76f5.json
callphase={callphase} (allowed=calldisconnected) => skip creation.
POST:
Array
(
    [leadtype] => {leadtype}
    [callphase] => {callphase}
    [id] => {id}
    [changedFields] => {changedFields}
    [requestId] => {requestId}
    [requestNumber] => {requestNumber}
    [subject] => {subject}
    [ctCallerId] => {ctCallerId}
    [fio] => {fio}
    [callerphone] => 
    [email] => {email}
    [phonenumber] => 
    [subPoolName] => {subPoolName}
    [redirectNumber] => {redirectNumber}
    [duration] => {duration}
    [waiting_time] => {waiting_time}
    [calltime] => {calltime}
    [timestamp] => {timestamp}
    [requestDate] => {requestDate}
    [status] => {status}
    [statusDetails] => {statusDetails}
    [unique] => {unique}
    [targetcall] => {targetcall}
    [uniqtargetcall] => {uniqtargetcall}
    [callback] => {callback}
    [uniquerequest] => {uniquerequest}
    [targetrequest] => {targetrequest}
    [uniqtargetrequest] => {uniqtargetrequest}
    [worktime] => {worktime}
    [pool] => {pool}
    [rating] => {rating}
    [comment] => {comment}
    [tags_all] => {tags_all}
    [tags_auto_pr] => {tags_auto_pr}
    [tags_auto_af] => {tags_auto_af}
    [tags_auto_gr] => {tags_auto_gr}
    [tags_auto_ct] => {tags_auto_ct}
    [tags_auto_pn] => {tags_auto_pn}
    [tags_auto_text] => {tags_auto_text}
    [tags_manual] => {tags_manual}
    [tags_api] => {tags_api}
    [tags_request] => {tags_request}
    [tags_triggers] => {tags_triggers}
    [tags_xls] => {tags_xls}
    [attribution] => {attribution}
    [source] => {source}
    [medium] => {medium}
    [utm_source] => {utm_source}
    [utm_medium] => {utm_medium}
    [utm_campaign] => {utm_campaign}
    [utm_content] => {utm_content}
    [utm_term] => {utm_term}
    [add_url_params] => {add_url_params}
    [gcid] => {gcid}
    [yaClientId] => {yaClientId}
    [sessionId] => {sessionId}
    [ctClientId] => {ctClientId}
    [ctGlobalId] => {ctGlobalId}
    [hostname] => {hostname}
    [url] => {url}
    [attrs] => {attrs}
    [callUrl] => {callUrl}
    [requestUrl] => {requestUrl}
    [callback_request_id] => {callback_request_id}
    [callback_final_attempt] => {callback_final_attempt}
    [ref] => {ref}
    [city] => {city}
    [browser] => {browser}
    [os] => {os}
    [device] => {device}
    [ip] => {ip}
    [sip_call_id] => {sip_call_id}
    [callReferenceNumber] => {callReferenceNumber}
    [reclink] => {reclink}
    [orderId] => {orderId}
    [siteId] => {siteId}
    [siteName] => {siteName}
    [userAgent] => {userAgent}
    [sendingTimestamp] => {sendingTimestamp}
    [text] => {text}
    [manager] => {manager}
    [spam] => {spam}
    [callback_custom_fields] => {callback_custom_fields}
    [callback_request_facebook_lead_id] => {callback_request_facebook_lead_id}
    [leadsCampaignName] => {leadsCampaignName}
    [custom_fields] => {custom_fields}
)


==== 2026-01-26 09:26:43 ====
File: ct_20260126_092642_69770922e7c9b.json
callphase={callphase} (allowed=calldisconnected) => skip creation.
POST:
Array
(
    [leadtype] => {leadtype}
    [callphase] => {callphase}
    [id] => {id}
    [changedFields] => {changedFields}
    [requestId] => {requestId}
    [requestNumber] => {requestNumber}
    [subject] => {subject}
    [ctCallerId] => {ctCallerId}
    [fio] => {fio}
    [callerphone] => 
    [email] => {email}
    [phonenumber] => 
    [subPoolName] => {subPoolName}
    [redirectNumber] => {redirectNumber}
    [duration] => {duration}
    [waiting_time] => {waiting_time}
    [calltime] => {calltime}
    [timestamp] => {timestamp}
    [requestDate] => {requestDate}
    [status] => {status}
    [statusDetails] => {statusDetails}
    [unique] => {unique}
    [targetcall] => {targetcall}
    [uniqtargetcall] => {uniqtargetcall}
    [callback] => {callback}
    [uniquerequest] => {uniquerequest}
    [targetrequest] => {targetrequest}
    [uniqtargetrequest] => {uniqtargetrequest}
    [worktime] => {worktime}
    [pool] => {pool}
    [rating] => {rating}
    [comment] => {comment}
    [tags_all] => {tags_all}
    [tags_auto_pr] => {tags_auto_pr}
    [tags_auto_af] => {tags_auto_af}
    [tags_auto_gr] => {tags_auto_gr}
    [tags_auto_ct] => {tags_auto_ct}
    [tags_auto_pn] => {tags_auto_pn}
    [tags_auto_text] => {tags_auto_text}
    [tags_manual] => {tags_manual}
    [tags_api] => {tags_api}
    [tags_request] => {tags_request}
    [tags_triggers] => {tags_triggers}
    [tags_xls] => {tags_xls}
    [attribution] => {attribution}
    [source] => {source}
    [medium] => {medium}
    [utm_source] => {utm_source}
    [utm_medium] => {utm_medium}
    [utm_campaign] => {utm_campaign}
    [utm_content] => {utm_content}
    [utm_term] => {utm_term}
    [add_url_params] => {add_url_params}
    [gcid] => {gcid}
    [yaClientId] => {yaClientId}
    [sessionId] => {sessionId}
    [ctClientId] => {ctClientId}
    [ctGlobalId] => {ctGlobalId}
    [hostname] => {hostname}
    [url] => {url}
    [attrs] => {attrs}
    [callUrl] => {callUrl}
    [requestUrl] => {requestUrl}
    [callback_request_id] => {callback_request_id}
    [callback_final_attempt] => {callback_final_attempt}
    [ref] => {ref}
    [city] => {city}
    [browser] => {browser}
    [os] => {os}
    [device] => {device}
    [ip] => {ip}
    [sip_call_id] => {sip_call_id}
    [callReferenceNumber] => {callReferenceNumber}
    [reclink] => {reclink}
    [orderId] => {orderId}
    [siteId] => {siteId}
    [siteName] => {siteName}
    [userAgent] => {userAgent}
    [sendingTimestamp] => {sendingTimestamp}
    [text] => {text}
    [manager] => {manager}
    [spam] => {spam}
    [callback_custom_fields] => {callback_custom_fields}
    [callback_request_facebook_lead_id] => {callback_request_facebook_lead_id}
    [leadsCampaignName] => {leadsCampaignName}
    [custom_fields] => {custom_fields}
)


==== 2026-01-26 09:26:46 ====
File: ct_20260126_092646_697709265b509.json
callphase={callphase} (allowed=calldisconnected) => skip creation.
POST:
Array
(
    [leadtype] => {leadtype}
    [callphase] => {callphase}
    [id] => {id}
    [changedFields] => {changedFields}
    [requestId] => {requestId}
    [requestNumber] => {requestNumber}
    [subject] => {subject}
    [ctCallerId] => {ctCallerId}
    [fio] => {fio}
    [callerphone] => 
    [email] => {email}
    [phonenumber] => 
    [subPoolName] => {subPoolName}
    [redirectNumber] => {redirectNumber}
    [duration] => {duration}
    [waiting_time] => {waiting_time}
    [calltime] => {calltime}
    [timestamp] => {timestamp}
    [requestDate] => {requestDate}
    [status] => {status}
    [statusDetails] => {statusDetails}
    [unique] => {unique}
    [targetcall] => {targetcall}
    [uniqtargetcall] => {uniqtargetcall}
    [callback] => {callback}
    [uniquerequest] => {uniquerequest}
    [targetrequest] => {targetrequest}
    [uniqtargetrequest] => {uniqtargetrequest}
    [worktime] => {worktime}
    [pool] => {pool}
    [rating] => {rating}
    [comment] => {comment}
    [tags_all] => {tags_all}
    [tags_auto_pr] => {tags_auto_pr}
    [tags_auto_af] => {tags_auto_af}
    [tags_auto_gr] => {tags_auto_gr}
    [tags_auto_ct] => {tags_auto_ct}
    [tags_auto_pn] => {tags_auto_pn}
    [tags_auto_text] => {tags_auto_text}
    [tags_manual] => {tags_manual}
    [tags_api] => {tags_api}
    [tags_request] => {tags_request}
    [tags_triggers] => {tags_triggers}
    [tags_xls] => {tags_xls}
    [attribution] => {attribution}
    [source] => {source}
    [medium] => {medium}
    [utm_source] => {utm_source}
    [utm_medium] => {utm_medium}
    [utm_campaign] => {utm_campaign}
    [utm_content] => {utm_content}
    [utm_term] => {utm_term}
    [add_url_params] => {add_url_params}
    [gcid] => {gcid}
    [yaClientId] => {yaClientId}
    [sessionId] => {sessionId}
    [ctClientId] => {ctClientId}
    [ctGlobalId] => {ctGlobalId}
    [hostname] => {hostname}
    [url] => {url}
    [attrs] => {attrs}
    [callUrl] => {callUrl}
    [requestUrl] => {requestUrl}
    [callback_request_id] => {callback_request_id}
    [callback_final_attempt] => {callback_final_attempt}
    [ref] => {ref}
    [city] => {city}
    [browser] => {browser}
    [os] => {os}
    [device] => {device}
    [ip] => {ip}
    [sip_call_id] => {sip_call_id}
    [callReferenceNumber] => {callReferenceNumber}
    [reclink] => {reclink}
    [orderId] => {orderId}
    [siteId] => {siteId}
    [siteName] => {siteName}
    [userAgent] => {userAgent}
    [sendingTimestamp] => {sendingTimestamp}
    [text] => {text}
    [manager] => {manager}
    [spam] => {spam}
    [callback_custom_fields] => {callback_custom_fields}
    [callback_request_facebook_lead_id] => {callback_request_facebook_lead_id}
    [leadsCampaignName] => {leadsCampaignName}
    [custom_fields] => {custom_fields}
)


