==== 2025-11-15 10:58:07 ====
File: ct_20251115_105805_6918328db436d.json
EntityType=lead, EntityId=439146
dialedNumber=78312668574
callerPhone=79524451342
callphase=calldisconnected
leadtype=call
POST:
Array
(
    [leadtype] => call
    [callphase] => calldisconnected
    [id] => 9302770
    [changedFields] => null
    [ctCallerId] => 591653197284644d01d43dee79df25a1
    [callerphone] => 79524451342
    [phonenumber] => 78312668574
    [subPoolName] => Остальные
    [redirectNumber] => sip:user9@vpbx400299899.mangosip.ru
    [duration] => 37
    [waiting_time] => 1
    [calltime] => 2025-11-15 10:55:37
    [timestamp] => 1763193337
    [status] => successful
    [statusDetails] => Соединение состоялось. Разъединение пришло со стороны вызывающего абонента
    [unique] => true
    [targetcall] => target
    [uniqtargetcall] => uniqtarget
    [callback] => non-callback
    [worktime] => worktime
    [pool] => dynamic
    [rating] => 0
    [tags_all] => null
    [tags_auto_pr] => null
    [tags_auto_af] => null
    [tags_auto_gr] => null
    [tags_auto_ct] => null
    [tags_auto_pn] => null
    [tags_auto_text] => null
    [tags_manual] => null
    [tags_api] => null
    [tags_triggers] => null
    [tags_xls] => null
    [attribution] => 1
    [source] => (direct)
    [medium] => (none)
    [utm_source] => <не указано>
    [utm_medium] => <не указано>
    [utm_campaign] => <не указано>
    [utm_content] => <не указано>
    [utm_term] => <не указано>
    [yaClientId] => 1763189343488085409
    [sessionId] => 539480928
    [ctClientId] => 2300000000357395796
    [ctGlobalId] => null
    [hostname] => alldent-ao4.ru
    [url] => https://alldent-ao4.ru/
    [attrs] => {}
    [ref] => 
    [city] => moscow
    [browser] => Chrome
    [os] => Windows
    [device] => desktop
    [ip] => 79.137.138.166
    [sip_call_id] => 5027c6d9-3c9b-123f-a797-005056be6db2
    [callReferenceNumber] => 78bb13b6-c1f8-11f0-981f-07cd0e2e8ca5
    [reclink] => https://api-node23.calltouch.ru/calls-service/RestAPI/download-call?jwtkey=eyJ0eXAiOiJKV1QiLCJhbGciOiJIUzUxMiJ9.eyJpc3N1ZXIiOiJDYWxsdG91Y2gtV0VCLUFQSSIsImlzc3VlZCI6MTc2MzE5MzQ4NSwiZXhwIjoyMDc4NTUzNDg1LCJzaXRlSWQiOjU3NTQwLCJjYWxsSWQiOjkzMDI3NzB9.Jb-sXKOJ-LDBSG64IPk-gYxAq2GQ-VLduzniJD15E7c3gDjvZFR2EMFfmvnxlVqX8_LhlV0ZSA5-M6cHPbso9A
    [orderId] => null
    [siteId] => 57540
    [siteName] => alldent-nn.ru
    [userAgent] => Mozilla/5.0 (Windows NT 10.0; Win64; x64) AppleWebKit/537.36 (KHTML, like Gecko) Chrome/125.0.0.0 Safari/537.36
    [sendingTimestamp] => 1763193485
    [text] => null
    [manager] => null
    [spam] => false
    [callUrl] => Остальные
)


==== 2025-11-15 11:00:07 ====
File: ct_20251115_110007_691833079d5f6.json
EntityType=lead, EntityId=439146
dialedNumber=78312668574
callerPhone=79524451342
callphase=calldisconnected
leadtype=call
POST:
Array
(
    [leadtype] => call
    [callphase] => calldisconnected
    [id] => 9302805
    [changedFields] => null
    [ctCallerId] => 591653197284644d01d43dee79df25a1
    [callerphone] => 79524451342
    [phonenumber] => 78312668574
    [subPoolName] => Остальные
    [redirectNumber] => sip:user9@vpbx400299899.mangosip.ru
    [duration] => 24
    [waiting_time] => 0
    [calltime] => 2025-11-15 10:58:30
    [timestamp] => 1763193510
    [status] => successful
    [statusDetails] => Соединение состоялось. Разъединение пришло со стороны вызывающего абонента
    [unique] => false
    [targetcall] => non-target
    [uniqtargetcall] => non-uniqtarget
    [callback] => non-callback
    [worktime] => worktime
    [pool] => dynamic
    [rating] => 0
    [tags_all] => null
    [tags_auto_pr] => null
    [tags_auto_af] => null
    [tags_auto_gr] => null
    [tags_auto_ct] => null
    [tags_auto_pn] => null
    [tags_auto_text] => null
    [tags_manual] => null
    [tags_api] => null
    [tags_triggers] => null
    [tags_xls] => null
    [attribution] => 1
    [source] => (direct)
    [medium] => (none)
    [utm_source] => <не указано>
    [utm_medium] => <не указано>
    [utm_campaign] => <не указано>
    [utm_content] => <не указано>
    [utm_term] => <не указано>
    [yaClientId] => 1763189343488085409
    [sessionId] => 539480928
    [ctClientId] => 2300000000357395796
    [ctGlobalId] => null
    [hostname] => alldent-ao4.ru
    [url] => https://alldent-ao4.ru/
    [attrs] => {}
    [ref] => 
    [city] => moscow
    [browser] => Chrome
    [os] => Windows
    [device] => desktop
    [ip] => 79.137.138.166
    [sip_call_id] => b765f700-3c9b-123f-a797-005056be6db2
    [callReferenceNumber] => dff8d180-c1f8-11f0-ad5b-07cd0e2e8ca5
    [reclink] => https://api-node23.calltouch.ru/calls-service/RestAPI/download-call?jwtkey=eyJ0eXAiOiJKV1QiLCJhbGciOiJIUzUxMiJ9.eyJpc3N1ZXIiOiJDYWxsdG91Y2gtV0VCLUFQSSIsImlzc3VlZCI6MTc2MzE5MzYwNywiZXhwIjoyMDc4NTUzNjA3LCJzaXRlSWQiOjU3NTQwLCJjYWxsSWQiOjkzMDI4MDV9.6U9ZNBM9v4FU_TZzs6Ht6Qp5_yabvJ1U8pxNY7HDdksZdMnix1FvGOCAE7TuE2WJM88k_nea9cnykOZ8ih7GWQ
    [orderId] => null
    [siteId] => 57540
    [siteName] => alldent-nn.ru
    [userAgent] => Mozilla/5.0 (Windows NT 10.0; Win64; x64) AppleWebKit/537.36 (KHTML, like Gecko) Chrome/125.0.0.0 Safari/537.36
    [sendingTimestamp] => 1763193607
    [text] => null
    [manager] => null
    [spam] => false
    [callUrl] => Остальные
)


==== 2025-11-27 18:03:13 ====
File: ct_20251127_180311_6928682f33bbf.json
EntityType=lead, EntityId=460306
dialedNumber=78312668574
callerPhone=79124114923
callphase=calldisconnected
leadtype=call
POST:
Array
(
    [leadtype] => call
    [callphase] => calldisconnected
    [id] => 9424584
    [changedFields] => null
    [ctCallerId] => 54dd32b1f8afc0a78da37f2720beb585
    [callerphone] => 79124114923
    [phonenumber] => 78312668574
    [subPoolName] => Остальные
    [redirectNumber] => sip:user9@vpbx400299899.mangosip.ru
    [duration] => 4
    [waiting_time] => 1
    [calltime] => 2025-11-27 18:01:35
    [timestamp] => 1764255695
    [status] => successful
    [statusDetails] => Соединение состоялось. Разъединение пришло со стороны вызывающего абонента
    [unique] => true
    [targetcall] => non-target
    [uniqtargetcall] => non-uniqtarget
    [callback] => non-callback
    [worktime] => worktime
    [pool] => dynamic
    [rating] => 0
    [tags_all] => null
    [tags_auto_pr] => null
    [tags_auto_af] => null
    [tags_auto_gr] => null
    [tags_auto_ct] => null
    [tags_auto_pn] => null
    [tags_auto_text] => null
    [tags_manual] => null
    [tags_api] => null
    [tags_triggers] => null
    [tags_xls] => null
    [attribution] => 1
    [source] => yandex
    [medium] => cpc (yclid)
    [utm_source] => <не указано>
    [utm_medium] => <не указано>
    [utm_campaign] => <не указано>
    [utm_content] => <не указано>
    [utm_term] => <не указано>
    [yaClientId] => 1755068927278401024
    [sessionId] => 546232683
    [ctClientId] => 2300000000323778369
    [ctGlobalId] => null
    [hostname] => alldent-ao4.ru
    [url] => https://alldent-ao4.ru/?yclid=13871428185992200191
    [attrs] => {}
    [ref] => 
    [city] => moscow
    [browser] => Chrome
    [os] => Android
    [device] => smartphone
    [ip] => 81.222.188.141
    [sip_call_id] => cf5d63da-4644-123f-a897-005056be6db2
    [callReferenceNumber] => f7e19946-cba1-11f0-8678-07cd0e2e8ca5
    [reclink] => https://api-node23.calltouch.ru/calls-service/RestAPI/download-call?jwtkey=eyJ0eXAiOiJKV1QiLCJhbGciOiJIUzUxMiJ9.eyJpc3N1ZXIiOiJDYWxsdG91Y2gtV0VCLUFQSSIsImlzc3VlZCI6MTc2NDI1NTc5MCwiZXhwIjoyMDc5NjE1NzkwLCJzaXRlSWQiOjU3NTQwLCJjYWxsSWQiOjk0MjQ1ODR9.u074ghvpakIfnPcsmMRuN8gy7tNqcXXcmctP3HilCjQUFn9dAEXk2nkqb0Hm7OSAKY26cv6uHkymiC_HfL9BpA
    [orderId] => null
    [siteId] => 57540
    [siteName] => alldent-nn.ru
    [userAgent] => Mozilla/5.0 (Linux; Android 10; Redmi 8 Build/QKQ1.191014.001; wv) AppleWebKit/537.36 (KHTML, like Gecko) Version/4.0 Chrome/123.0.6312.118 Mobile Safari/537.36
    [sendingTimestamp] => 1764255790
    [text] => null
    [manager] => null
    [spam] => false
    [callUrl] => Остальные
)


==== 2025-11-28 10:15:07 ====
File: ct_20251128_101504_69294bf8d8abf.json
EntityType=lead, EntityId=461012
dialedNumber=78312668574
callerPhone=79124115305
callphase=calldisconnected
leadtype=call
POST:
Array
(
    [leadtype] => call
    [callphase] => calldisconnected
    [id] => 9427775
    [changedFields] => null
    [ctCallerId] => dd42f22caf3e0d71563ea09b5e4ba2d5
    [callerphone] => 79124115305
    [phonenumber] => 78312668574
    [subPoolName] => Остальные
    [redirectNumber] => sip:user9@vpbx400299899.mangosip.ru
    [duration] => 4
    [waiting_time] => 1
    [calltime] => 2025-11-28 10:13:24
    [timestamp] => 1764314004
    [status] => successful
    [statusDetails] => Соединение состоялось. Разъединение пришло со стороны вызывающего абонента
    [unique] => true
    [targetcall] => non-target
    [uniqtargetcall] => non-uniqtarget
    [callback] => non-callback
    [worktime] => worktime
    [pool] => dynamic
    [rating] => 0
    [tags_all] => null
    [tags_auto_pr] => null
    [tags_auto_af] => null
    [tags_auto_gr] => null
    [tags_auto_ct] => null
    [tags_auto_pn] => null
    [tags_auto_text] => null
    [tags_manual] => null
    [tags_api] => null
    [tags_triggers] => null
    [tags_xls] => null
    [attribution] => 1
    [source] => Остальные
    [medium] => <не указано>
    [utm_source] => Остальные
    [utm_medium] => <не заполнено>
    [utm_campaign] => <не заполнено>
    [utm_content] => <не заполнено>
    [utm_term] => <не заполнено>
    [sessionId] => 0
    [ctClientId] => null
    [ctGlobalId] => null
    [hostname] => 
    [attrs] => {}
    [sip_call_id] => 92166d52-46cc-123f-a897-005056be6db2
    [callReferenceNumber] => baa8c21a-cc29-11f0-86f0-07cd0e2e8ca5
    [reclink] => https://api-node23.calltouch.ru/calls-service/RestAPI/download-call?jwtkey=eyJ0eXAiOiJKV1QiLCJhbGciOiJIUzUxMiJ9.eyJpc3N1ZXIiOiJDYWxsdG91Y2gtV0VCLUFQSSIsImlzc3VlZCI6MTc2NDMxNDEwNCwiZXhwIjoyMDc5Njc0MTA0LCJzaXRlSWQiOjU3NTQwLCJjYWxsSWQiOjk0Mjc3NzV9.PY490EXriIIyPG753GxWftnS2bkZlLkIThE74gyNUUazMm8nIaBc8W9VGF8M_P4asga8pPT3gOhN8FPTLv7heA
    [orderId] => null
    [siteId] => 57540
    [siteName] => alldent-nn.ru
    [sendingTimestamp] => 1764314104
    [text] => null
    [manager] => null
    [spam] => false
    [callUrl] => Остальные
    [url] => Остальные
)


==== 2025-11-28 16:04:09 ====
File: ct_20251128_160406_69299dc619512.json
EntityType=lead, EntityId=461782
dialedNumber=78312668574
callerPhone=79124104099
callphase=calldisconnected
leadtype=call
POST:
Array
(
    [leadtype] => call
    [callphase] => calldisconnected
    [id] => 9433676
    [changedFields] => null
    [ctCallerId] => 8c396deb1a51e4aef1da32df408e1842
    [callerphone] => 79124104099
    [phonenumber] => 78312668574
    [subPoolName] => Остальные
    [redirectNumber] => sip:user9@vpbx400299899.mangosip.ru
    [duration] => 3
    [waiting_time] => 1
    [calltime] => 2025-11-28 16:02:19
    [timestamp] => 1764334939
    [status] => successful
    [statusDetails] => Соединение состоялось. Разъединение пришло со стороны вызывающего абонента
    [unique] => true
    [targetcall] => non-target
    [uniqtargetcall] => non-uniqtarget
    [callback] => non-callback
    [worktime] => worktime
    [pool] => dynamic
    [rating] => 0
    [tags_all] => null
    [tags_auto_pr] => null
    [tags_auto_af] => null
    [tags_auto_gr] => null
    [tags_auto_ct] => null
    [tags_auto_pn] => null
    [tags_auto_text] => null
    [tags_manual] => null
    [tags_api] => null
    [tags_triggers] => null
    [tags_xls] => null
    [attribution] => 1
    [source] => Остальные
    [medium] => <не указано>
    [utm_source] => Остальные
    [utm_medium] => <не заполнено>
    [utm_campaign] => <не заполнено>
    [utm_content] => <не заполнено>
    [utm_term] => <не заполнено>
    [sessionId] => 0
    [ctClientId] => null
    [ctGlobalId] => null
    [hostname] => 
    [attrs] => {}
    [sip_call_id] => 50433706-46fd-123f-a897-005056be6db2
    [callReferenceNumber] => 78d71eaa-cc5a-11f0-a706-07cd0e2e8ca5
    [reclink] => https://api-node23.calltouch.ru/calls-service/RestAPI/download-call?jwtkey=eyJ0eXAiOiJKV1QiLCJhbGciOiJIUzUxMiJ9.eyJpc3N1ZXIiOiJDYWxsdG91Y2gtV0VCLUFQSSIsImlzc3VlZCI6MTc2NDMzNTA0NSwiZXhwIjoyMDc5Njk1MDQ1LCJzaXRlSWQiOjU3NTQwLCJjYWxsSWQiOjk0MzM2NzZ9.fbe3HLbT0mIaR0qtMcBvGg8F_KkPPRqL2MxhocU8TJslObpKQvaWZTHwzASaSZUt5aMChw117Mk7m_3DyxRGTg
    [orderId] => null
    [siteId] => 57540
    [siteName] => alldent-nn.ru
    [sendingTimestamp] => 1764335045
    [text] => null
    [manager] => null
    [spam] => false
    [callUrl] => Остальные
    [url] => Остальные
)


==== 2025-12-05 09:03:06 ====
File: ct_20251205_090302_69327596ec59f.json
EntityType=lead, EntityId=472747
dialedNumber=78312668567
callerPhone=79091912417
callphase=calldisconnected
leadtype=call
POST:
Array
(
    [leadtype] => call
    [callphase] => calldisconnected
    [id] => 9493299
    [changedFields] => null
    [ctCallerId] => f44722de2c72e96c5d86747bb88f708c
    [callerphone] => 79091912417
    [phonenumber] => 78312668567
    [subPoolName] => Остальные
    [redirectNumber] => sip:user9@vpbx400299899.mangosip.ru
    [duration] => 9
    [waiting_time] => 0
    [calltime] => 2025-12-05 09:01:04
    [timestamp] => 1764914464
    [status] => successful
    [statusDetails] => Соединение состоялось. Разъединение пришло со стороны вызывающего абонента
    [unique] => true
    [targetcall] => non-target
    [uniqtargetcall] => non-uniqtarget
    [callback] => non-callback
    [worktime] => worktime
    [pool] => dynamic
    [rating] => 0
    [tags_all] => null
    [tags_auto_pr] => null
    [tags_auto_af] => null
    [tags_auto_gr] => null
    [tags_auto_ct] => null
    [tags_auto_pn] => null
    [tags_auto_text] => null
    [tags_manual] => null
    [tags_api] => null
    [tags_triggers] => null
    [tags_xls] => null
    [attribution] => 1
    [source] => Остальные
    [medium] => <не указано>
    [utm_source] => Остальные
    [utm_medium] => <не заполнено>
    [utm_campaign] => <не заполнено>
    [utm_content] => <не заполнено>
    [utm_term] => <не заполнено>
    [sessionId] => 0
    [ctClientId] => null
    [ctGlobalId] => null
    [hostname] => 
    [attrs] => {}
    [sip_call_id] => a000c886-4c42-123f-de9d-005056be6db2
    [callReferenceNumber] => c8957f5a-d19f-11f0-95c7-6b30e510c684
    [reclink] => https://api-node23.calltouch.ru/calls-service/RestAPI/download-call?jwtkey=eyJ0eXAiOiJKV1QiLCJhbGciOiJIUzUxMiJ9.eyJpc3N1ZXIiOiJDYWxsdG91Y2gtV0VCLUFQSSIsImlzc3VlZCI6MTc2NDkxNDU4MiwiZXhwIjoyMDgwMjc0NTgyLCJzaXRlSWQiOjU3NTQwLCJjYWxsSWQiOjk0OTMyOTl9.OBWrT_xL8giii488EIChr4UDxjk1jgwqbk3tpWKmoYXuXdBPQJr51g8i-AyaodNZIwFawZBN3TZkcos5eLj0Jg
    [orderId] => null
    [siteId] => 57540
    [siteName] => alldent-nn.ru
    [sendingTimestamp] => 1764914582
    [text] => null
    [manager] => null
    [spam] => false
    [callUrl] => Остальные
    [url] => Остальные
)


==== 2025-12-05 15:29:24 ====
File: ct_20251205_152920_6932d020efad0.json
EntityType=lead, EntityId=473633
dialedNumber=78312668574
callerPhone=79051936374
callphase=calldisconnected
leadtype=call
POST:
Array
(
    [leadtype] => call
    [callphase] => calldisconnected
    [id] => 9499512
    [changedFields] => null
    [ctCallerId] => 8edfbbbb793b865a3b5e5a2e427f8075
    [callerphone] => 79051936374
    [phonenumber] => 78312668574
    [subPoolName] => Остальные
    [redirectNumber] => sip:user9@vpbx400299899.mangosip.ru
    [duration] => 29
    [waiting_time] => 0
    [calltime] => 2025-12-05 15:26:00
    [timestamp] => 1764937560
    [status] => successful
    [statusDetails] => Соединение состоялось. Разъединение пришло со стороны вызывающего абонента
    [unique] => true
    [targetcall] => non-target
    [uniqtargetcall] => non-uniqtarget
    [callback] => non-callback
    [worktime] => worktime
    [pool] => dynamic
    [rating] => 0
    [tags_all] => null
    [tags_auto_pr] => null
    [tags_auto_af] => null
    [tags_auto_gr] => null
    [tags_auto_ct] => null
    [tags_auto_pn] => null
    [tags_auto_text] => null
    [tags_manual] => null
    [tags_api] => null
    [tags_triggers] => null
    [tags_xls] => null
    [attribution] => 1
    [source] => Остальные
    [medium] => <не указано>
    [utm_source] => Остальные
    [utm_medium] => <не заполнено>
    [utm_campaign] => <не заполнено>
    [utm_content] => <не заполнено>
    [utm_term] => <не заполнено>
    [sessionId] => 0
    [ctClientId] => null
    [ctGlobalId] => null
    [hostname] => 
    [attrs] => {}
    [sip_call_id] => 66201d6a-4c78-123f-de9d-005056be6db2
    [callReferenceNumber] => 8eb0a9c8-d1d5-11f0-87c1-6b30e510c684
    [reclink] => https://api-node23.calltouch.ru/calls-service/RestAPI/download-call?jwtkey=eyJ0eXAiOiJKV1QiLCJhbGciOiJIUzUxMiJ9.eyJpc3N1ZXIiOiJDYWxsdG91Y2gtV0VCLUFQSSIsImlzc3VlZCI6MTc2NDkzNzc2MCwiZXhwIjoyMDgwMjk3NzYwLCJzaXRlSWQiOjU3NTQwLCJjYWxsSWQiOjk0OTk1MTJ9.VaNpVDnIVBYVpCd-1U128Yi750vqSrRGws0YRm4C4gw1mACkJxH2l3q1U___ZS6kC7anBpk4j8yAhMaGZy0sRA
    [orderId] => null
    [siteId] => 57540
    [siteName] => alldent-nn.ru
    [sendingTimestamp] => 1764937760
    [text] => null
    [manager] => null
    [spam] => false
    [callUrl] => Остальные
    [url] => Остальные
)


==== 2025-12-08 11:15:31 ====
File: ct_20251208_111526_6936891ed6b1a.json
EntityType=lead, EntityId=478411
dialedNumber=78312668574
callerPhone=79157564116
callphase=calldisconnected
leadtype=call
POST:
Array
(
    [leadtype] => call
    [callphase] => calldisconnected
    [id] => 9518823
    [changedFields] => null
    [ctCallerId] => 494114e81176b481ab8f8070a6f7ce1b
    [callerphone] => 79157564116
    [phonenumber] => 78312668574
    [subPoolName] => Остальные
    [redirectNumber] => sip:user9@vpbx400299899.mangosip.ru
    [duration] => 51
    [waiting_time] => 1
    [calltime] => 2025-12-08 11:12:22
    [timestamp] => 1765181542
    [status] => successful
    [statusDetails] => Соединение состоялось. Разъединение пришло со стороны вызывающего абонента
    [unique] => true
    [targetcall] => target
    [uniqtargetcall] => uniqtarget
    [callback] => non-callback
    [worktime] => worktime
    [pool] => dynamic
    [rating] => 0
    [tags_all] => null
    [tags_auto_pr] => null
    [tags_auto_af] => null
    [tags_auto_gr] => null
    [tags_auto_ct] => null
    [tags_auto_pn] => null
    [tags_auto_text] => null
    [tags_manual] => null
    [tags_api] => null
    [tags_triggers] => null
    [tags_xls] => null
    [attribution] => 1
    [source] => Остальные
    [medium] => <не указано>
    [utm_source] => Остальные
    [utm_medium] => <не заполнено>
    [utm_campaign] => <не заполнено>
    [utm_content] => <не заполнено>
    [utm_term] => <не заполнено>
    [sessionId] => 0
    [ctClientId] => null
    [ctGlobalId] => null
    [hostname] => 
    [attrs] => {}
    [sip_call_id] => 77396fbd-4eb0-123f-df9d-005056be6db2
    [callReferenceNumber] => 9fcd8b92-d40d-11f0-83b8-6b30e510c684
    [reclink] => https://api-node23.calltouch.ru/calls-service/RestAPI/download-call?jwtkey=eyJ0eXAiOiJKV1QiLCJhbGciOiJIUzUxMiJ9.eyJpc3N1ZXIiOiJDYWxsdG91Y2gtV0VCLUFQSSIsImlzc3VlZCI6MTc2NTE4MTcyNiwiZXhwIjoyMDgwNTQxNzI2LCJzaXRlSWQiOjU3NTQwLCJjYWxsSWQiOjk1MTg4MjN9.rkf9CuG3W8NnI5ajqJ-fabDUWknGTW2AEZ2Ddf311e5UdEAH6qsBnmCBRbAe6DW6wY02SPVma9-m30bvXORC5g
    [orderId] => null
    [siteId] => 57540
    [siteName] => alldent-nn.ru
    [sendingTimestamp] => 1765181726
    [text] => null
    [manager] => null
    [spam] => false
    [callUrl] => Остальные
    [url] => Остальные
)


==== 2025-12-08 11:25:08 ====
File: ct_20251208_112507_69368b639280d.json
EntityType=lead, EntityId=478411
dialedNumber=78312668574
callerPhone=79157564116
callphase=calldisconnected
leadtype=call
POST:
Array
(
    [leadtype] => call
    [callphase] => calldisconnected
    [id] => 9519071
    [changedFields] => null
    [ctCallerId] => 494114e81176b481ab8f8070a6f7ce1b
    [callerphone] => 79157564116
    [phonenumber] => 78312668574
    [subPoolName] => Остальные
    [redirectNumber] => sip:user9@vpbx400299899.mangosip.ru
    [duration] => 29
    [waiting_time] => 1
    [calltime] => 2025-12-08 11:23:20
    [timestamp] => 1765182200
    [status] => successful
    [statusDetails] => Соединение состоялось. Разъединение пришло со стороны вызывающего абонента
    [unique] => false
    [targetcall] => non-target
    [uniqtargetcall] => non-uniqtarget
    [callback] => non-callback
    [worktime] => worktime
    [pool] => dynamic
    [rating] => 0
    [tags_all] => null
    [tags_auto_pr] => null
    [tags_auto_af] => null
    [tags_auto_gr] => null
    [tags_auto_ct] => null
    [tags_auto_pn] => null
    [tags_auto_text] => null
    [tags_manual] => null
    [tags_api] => null
    [tags_triggers] => null
    [tags_xls] => null
    [attribution] => 1
    [source] => Остальные
    [medium] => <не указано>
    [utm_source] => Остальные
    [utm_medium] => <не заполнено>
    [utm_campaign] => <не заполнено>
    [utm_content] => <не заполнено>
    [utm_term] => <не заполнено>
    [sessionId] => 0
    [ctClientId] => null
    [ctGlobalId] => null
    [hostname] => 
    [attrs] => {}
    [sip_call_id] => ff4e32cd-4eb1-123f-df9d-005056be6db2
    [callReferenceNumber] => 27d596c8-d40f-11f0-b808-6b30e510c684
    [reclink] => https://api-node23.calltouch.ru/calls-service/RestAPI/download-call?jwtkey=eyJ0eXAiOiJKV1QiLCJhbGciOiJIUzUxMiJ9.eyJpc3N1ZXIiOiJDYWxsdG91Y2gtV0VCLUFQSSIsImlzc3VlZCI6MTc2NTE4MjMwNywiZXhwIjoyMDgwNTQyMzA3LCJzaXRlSWQiOjU3NTQwLCJjYWxsSWQiOjk1MTkwNzF9.wymWKPR8m9wqZaY3SgjVQguxGqS79gLsNvOlPVCln2AUmSGRr-_VuyF5m0ygHdDCWtrYO3-AzKlwxVvnvAfsHg
    [orderId] => null
    [siteId] => 57540
    [siteName] => alldent-nn.ru
    [sendingTimestamp] => 1765182307
    [text] => null
    [manager] => null
    [spam] => false
    [callUrl] => Остальные
    [url] => Остальные
)


==== 2025-12-16 10:45:11 ====
File: ct_20251216_104508_69410e0463dfc.json
EntityType=lead, EntityId=495461
dialedNumber=78312668567
callerPhone=79306780114
callphase=calldisconnected
leadtype=call
POST:
Array
(
    [leadtype] => call
    [callphase] => calldisconnected
    [id] => 9594859
    [changedFields] => null
    [ctCallerId] => 579d8580d3ee70240b99f677e8bb06b4
    [callerphone] => 79306780114
    [phonenumber] => 78312668567
    [subPoolName] => Остальные
    [redirectNumber] => sip:user9@vpbx400299899.mangosip.ru
    [duration] => 74
    [waiting_time] => 1
    [calltime] => 2025-12-16 10:42:35
    [timestamp] => 1765870955
    [status] => successful
    [statusDetails] => Соединение состоялось. Разъединение пришло со стороны вызываемого абонента
    [unique] => true
    [targetcall] => target
    [uniqtargetcall] => uniqtarget
    [callback] => non-callback
    [worktime] => worktime
    [pool] => dynamic
    [rating] => 0
    [tags_all] => null
    [tags_auto_pr] => null
    [tags_auto_af] => null
    [tags_auto_gr] => null
    [tags_auto_ct] => null
    [tags_auto_pn] => null
    [tags_auto_text] => null
    [tags_manual] => null
    [tags_api] => null
    [tags_triggers] => null
    [tags_xls] => null
    [attribution] => 1
    [source] => Остальные
    [medium] => <не указано>
    [utm_source] => Остальные
    [utm_medium] => <не заполнено>
    [utm_campaign] => <не заполнено>
    [utm_content] => <не заполнено>
    [utm_term] => <не заполнено>
    [sessionId] => 0
    [ctClientId] => null
    [ctGlobalId] => null
    [hostname] => 
    [attrs] => {}
    [sip_call_id] => a140e378-54f5-123f-e09d-005056be6db2
    [callReferenceNumber] => c9d51018-da52-11f0-873e-6b30e510c684
    [reclink] => https://api-node23.calltouch.ru/calls-service/RestAPI/download-call?jwtkey=eyJ0eXAiOiJKV1QiLCJhbGciOiJIUzUxMiJ9.eyJpc3N1ZXIiOiJDYWxsdG91Y2gtV0VCLUFQSSIsImlzc3VlZCI6MTc2NTg3MTEwNiwiZXhwIjoyMDgxMjMxMTA2LCJzaXRlSWQiOjU3NTQwLCJjYWxsSWQiOjk1OTQ4NTl9.HRu936tnium1nLQs4ELv5BZ7YHqaT-Uit-mBQdE4hBaAosZodJXF8ZAV0C6HL_HkXkRewrsHSuKccMMw6YRWUg
    [orderId] => null
    [siteId] => 57540
    [siteName] => alldent-nn.ru
    [sendingTimestamp] => 1765871106
    [text] => null
    [manager] => null
    [spam] => false
    [callUrl] => Остальные
    [url] => Остальные
)


==== 2025-12-18 17:19:04 ====
File: ct_20251218_171903_69440d5772cc3.json
EntityType=lead, EntityId=500981
dialedNumber=78312668574
callerPhone=+79157564116
callphase=calldisconnected
leadtype=call
POST:
Array
(
    [leadtype] => call
    [callphase] => calldisconnected
    [id] => 9621808
    [changedFields] => null
    [ctCallerId] => 494114e81176b481ab8f8070a6f7ce1b
    [callerphone] => +79157564116
    [phonenumber] => 78312668574
    [subPoolName] => Остальные
    [redirectNumber] => sip:user9@vpbx400299899.mangosip.ru
    [duration] => 28
    [waiting_time] => 0
    [calltime] => 2025-12-18 17:16:54
    [timestamp] => 1766067414
    [status] => successful
    [statusDetails] => Соединение состоялось. Разъединение пришло со стороны вызываемого абонента
    [unique] => false
    [targetcall] => non-target
    [uniqtargetcall] => non-uniqtarget
    [callback] => non-callback
    [worktime] => worktime
    [pool] => dynamic
    [rating] => 0
    [tags_all] => null
    [tags_auto_pr] => null
    [tags_auto_af] => null
    [tags_auto_gr] => null
    [tags_auto_ct] => null
    [tags_auto_pn] => null
    [tags_auto_text] => null
    [tags_manual] => null
    [tags_api] => null
    [tags_triggers] => null
    [tags_xls] => null
    [attribution] => 1
    [source] => Остальные
    [medium] => <не указано>
    [utm_source] => Остальные
    [utm_medium] => <не заполнено>
    [utm_campaign] => <не заполнено>
    [utm_content] => <не заполнено>
    [utm_term] => <не заполнено>
    [sessionId] => 0
    [ctClientId] => null
    [ctGlobalId] => null
    [hostname] => 
    [attrs] => {}
    [sip_call_id] => 0b9e4808-56bf-123f-e09d-005056be6db2
    [callReferenceNumber] => 342d1abc-dc1c-11f0-bb48-6b30e510c684
    [reclink] => https://api-node23.calltouch.ru/calls-service/RestAPI/download-call?jwtkey=eyJ0eXAiOiJKV1QiLCJhbGciOiJIUzUxMiJ9.eyJpc3N1ZXIiOiJDYWxsdG91Y2gtV0VCLUFQSSIsImlzc3VlZCI6MTc2NjA2NzU0MywiZXhwIjoyMDgxNDI3NTQzLCJzaXRlSWQiOjU3NTQwLCJjYWxsSWQiOjk2MjE4MDh9.oMElnsI7sLJCe-7_d5Wc3TFnDrOVq1KeS5KJaIxJW-_g9ZQgCzLNvKb04TWayetroNHLfp6F5DKXwQztdcPHSQ
    [orderId] => null
    [siteId] => 57540
    [siteName] => alldent-nn.ru
    [sendingTimestamp] => 1766067543
    [text] => null
    [manager] => null
    [spam] => false
    [callUrl] => Остальные
    [url] => Остальные
)


==== 2025-12-25 13:47:10 ====
File: ct_20251225_134707_694d162bc7f44.json
EntityType=lead, EntityId=513112
dialedNumber=78312629119
callerPhone=+79081696415
callphase=calldisconnected
leadtype=call
POST:
Array
(
    [leadtype] => call
    [callphase] => calldisconnected
    [id] => 9682353
    [changedFields] => null
    [ctCallerId] => 46222f85e3fb4104776de7ee795a9c80
    [callerphone] => +79081696415
    [phonenumber] => 78312629119
    [subPoolName] => callback
    [redirectNumber] => sip:user9@vpbx400299899.mangosip.ru
    [duration] => 33
    [waiting_time] => 0
    [calltime] => 2025-12-25 13:44:50
    [timestamp] => 1766659490
    [status] => successful
    [statusDetails] => Соединение состоялось. Разъединение пришло со стороны вызываемого абонента
    [unique] => true
    [targetcall] => target
    [uniqtargetcall] => uniqtarget
    [callback] => non-callback
    [worktime] => worktime
    [pool] => staticOnline
    [rating] => 0
    [tags_all] => null
    [tags_auto_pr] => null
    [tags_auto_af] => null
    [tags_auto_gr] => null
    [tags_auto_ct] => null
    [tags_auto_pn] => null
    [tags_auto_text] => null
    [tags_manual] => null
    [tags_api] => null
    [tags_triggers] => null
    [tags_xls] => null
    [attribution] => 1
    [source] => Callback
    [medium] => Callback
    [utm_source] => Callback
    [utm_medium] => Callback
    [utm_campaign] => Callback
    [utm_content] => <не заполнено>
    [utm_term] => <не заполнено>
    [sessionId] => 0
    [ctClientId] => null
    [ctGlobalId] => null
    [hostname] => 
    [attrs] => {}
    [sip_call_id] => 9465358c-5c21-123f-e09d-005056be6db2
    [callReferenceNumber] => bcf8ce9c-e17e-11f0-88a3-6b30e510c684
    [reclink] => https://api-node23.calltouch.ru/calls-service/RestAPI/download-call?jwtkey=eyJ0eXAiOiJKV1QiLCJhbGciOiJIUzUxMiJ9.eyJpc3N1ZXIiOiJDYWxsdG91Y2gtV0VCLUFQSSIsImlzc3VlZCI6MTc2NjY1OTYyNywiZXhwIjoyMDgyMDE5NjI3LCJzaXRlSWQiOjU3NTQwLCJjYWxsSWQiOjk2ODIzNTN9.7rSU9FFLScTfjHG8kdsXOXTZH10BI86KFNPyyz8B0sPKU-3B9Ksrzt0Ug-x-GYl4Jwr9QgbaJ3l4046--L_faQ
    [orderId] => null
    [siteId] => 57540
    [siteName] => alldent-nn.ru
    [sendingTimestamp] => 1766659627
    [text] => null
    [manager] => null
    [spam] => false
    [callUrl] => callback
    [url] => callback
)


==== 2026-01-05 19:05:04 ====
File: ct_20260105_190502_695be12e61be1.json
EntityType=lead, EntityId=527930
dialedNumber=78312668784
callerPhone=+79395142334
callphase=calldisconnected
leadtype=call
POST:
Array
(
    [leadtype] => call
    [callphase] => calldisconnected
    [id] => 9752490
    [changedFields] => null
    [ctCallerId] => dc8be9fabf8b34c13881d393af8547d3
    [callerphone] => +79395142334
    [phonenumber] => 78312668784
    [subPoolName] => Остальные
    [redirectNumber] => sip:user9@vpbx400299899.mangosip.ru
    [duration] => 21
    [waiting_time] => 1
    [calltime] => 2026-01-05 19:03:03
    [timestamp] => 1767628983
    [status] => successful
    [statusDetails] => Соединение состоялось. Разъединение пришло со стороны вызываемого абонента
    [unique] => true
    [targetcall] => non-target
    [uniqtargetcall] => non-uniqtarget
    [callback] => non-callback
    [worktime] => worktime
    [pool] => dynamic
    [rating] => 0
    [tags_all] => null
    [tags_auto_pr] => null
    [tags_auto_af] => null
    [tags_auto_gr] => null
    [tags_auto_ct] => null
    [tags_auto_pn] => null
    [tags_auto_text] => null
    [tags_manual] => null
    [tags_api] => null
    [tags_triggers] => null
    [tags_xls] => null
    [attribution] => 1
    [source] => Остальные
    [medium] => <не указано>
    [utm_source] => Остальные
    [utm_medium] => <не заполнено>
    [utm_campaign] => <не заполнено>
    [utm_content] => <не заполнено>
    [utm_term] => <не заполнено>
    [sessionId] => 0
    [ctClientId] => null
    [ctGlobalId] => null
    [hostname] => 
    [attrs] => {}
    [sip_call_id] => db798465-64f2-123f-18a2-005056be6db2
    [callReferenceNumber] => 040d96bc-ea50-11f0-bb13-cbe7421d6f8e
    [reclink] => https://api-node23.calltouch.ru/calls-service/RestAPI/download-call?jwtkey=eyJ0eXAiOiJKV1QiLCJhbGciOiJIUzUxMiJ9.eyJpc3N1ZXIiOiJDYWxsdG91Y2gtV0VCLUFQSSIsImlzc3VlZCI6MTc2NzYyOTEwMiwiZXhwIjoyMDgyOTg5MTAyLCJzaXRlSWQiOjU3NTQwLCJjYWxsSWQiOjk3NTI0OTB9.xVE-7Ii7mz05Uf200OAklZMifijIKKSdKYp8360HN3_cM8mOXfgdfUhJox4sP-wNMAw78nBWdh0s0kSIt2IlWA
    [orderId] => null
    [siteId] => 57540
    [siteName] => alldent-nn.ru
    [sendingTimestamp] => 1767629102
    [text] => null
    [manager] => null
    [spam] => false
    [callUrl] => Остальные
    [url] => Остальные
)


==== 2026-01-05 19:14:07 ====
File: ct_20260105_191406_695be34e5ce9c.json
EntityType=lead, EntityId=527950
dialedNumber=78312668574
callerPhone=+79305556701
callphase=calldisconnected
leadtype=call
POST:
Array
(
    [leadtype] => call
    [callphase] => calldisconnected
    [id] => 9752534
    [changedFields] => null
    [ctCallerId] => 5b39742459b3873275a2326a494d48ed
    [callerphone] => +79305556701
    [phonenumber] => 78312668574
    [subPoolName] => Остальные
    [redirectNumber] => sip:user9@vpbx400299899.mangosip.ru
    [duration] => 7
    [waiting_time] => 1
    [calltime] => 2026-01-05 19:12:50
    [timestamp] => 1767629570
    [status] => successful
    [statusDetails] => Соединение состоялось. Разъединение пришло со стороны вызываемого абонента
    [unique] => true
    [targetcall] => non-target
    [uniqtargetcall] => non-uniqtarget
    [callback] => non-callback
    [worktime] => worktime
    [pool] => dynamic
    [rating] => 0
    [tags_all] => null
    [tags_auto_pr] => null
    [tags_auto_af] => null
    [tags_auto_gr] => null
    [tags_auto_ct] => null
    [tags_auto_pn] => null
    [tags_auto_text] => null
    [tags_manual] => null
    [tags_api] => null
    [tags_triggers] => null
    [tags_xls] => null
    [attribution] => 1
    [source] => yandex-gs
    [medium] => cpc
    [utm_source] => yandex-gs
    [utm_medium] => cpc
    [utm_campaign] => display_alldent-nn1_ao4_impl_m
    [utm_content] => ad_id|13907220666|banner_id|13907220666|campaign_type|type1|campaign_id|86260443|device_type|mobile|group_id|5173360759|phrase_id|44240840172|position|0|position_type|none|placement|com.screw.pin.nuts.bolts.jam.puzzle|placement_type|context|region_name|Nizhny Novgorod Oblast'|correction|0|image|implant
    [utm_term] => ---autotargeting
    [yaClientId] => 1733515026850278743
    [sessionId] => 564846502
    [ctClientId] => 2300000000231824687
    [ctGlobalId] => null
    [hostname] => alldent-nn.ru
    [url] => https://alldent-nn.ru/?utm_source=yandex-gs&utm_medium=cpc&utm_campaign=display_alldent-nn1_ao4_impl_m&utm_term=---autotargeting&utm_content=ad_id|13907220666|banner_id|13907220666|campaign_type|type1|campaign_id|86260443|device_type|mobile|group_id|5173360759|phrase_id|44240840172|position|0|position_type|none|placement|com.screw.pin.nuts.bolts.jam.puzzle|placement_type|context|region_name|Nizhny Novgorod Oblast'|correction|0|image|implant&calltouch_tm=yd_c:86260443_gb:5173360759_ad:13907220666_ph:44240840172_st:context_pt:none_p:0_s:com.screw.pin.nuts.bolts.jam.puzzle_dt:mobile_reg:11079_ret:44240840172_apt:none&yclid=3950687553221033983
    [attrs] => {}
    [ref] => 
    [city] => ulyanovsk
    [browser] => Chrome
    [os] => Android
    [device] => smartphone
    [ip] => 176.59.100.228
    [sip_call_id] => 395a6611-64f4-123f-18a2-005056be6db2
    [callReferenceNumber] => 61ef89d8-ea51-11f0-a853-cbe7421d6f8e
    [reclink] => https://api-node23.calltouch.ru/calls-service/RestAPI/download-call?jwtkey=eyJ0eXAiOiJKV1QiLCJhbGciOiJIUzUxMiJ9.eyJpc3N1ZXIiOiJDYWxsdG91Y2gtV0VCLUFQSSIsImlzc3VlZCI6MTc2NzYyOTY0NiwiZXhwIjoyMDgyOTg5NjQ2LCJzaXRlSWQiOjU3NTQwLCJjYWxsSWQiOjk3NTI1MzR9.Gg3GOgfeCb_dL2J3P2IKVFol5uaU-4vdJBRC5KLYNgTFL781rhj9oH0lIPBYinPcdXNBDx3INgRk024WnEHO_g
    [orderId] => null
    [siteId] => 57540
    [siteName] => alldent-nn.ru
    [userAgent] => Mozilla/5.0 (Linux; Android 10; K) AppleWebKit/537.36 (KHTML, like Gecko) Chrome/143.0.0.0 Mobile Safari/537.36
    [sendingTimestamp] => 1767629646
    [text] => null
    [manager] => null
    [spam] => false
    [callUrl] => Остальные
)


==== 2026-01-06 15:50:05 ====
File: ct_20260106_155004_695d04fc28cc4.json
EntityType=lead, EntityId=529525
dialedNumber=78312668784
callerPhone=
callphase=calldisconnected
leadtype=call
POST:
Array
(
    [leadtype] => call
    [callphase] => calldisconnected
    [id] => 9758422
    [changedFields] => null
    [ctCallerId] => 7d29566de1f5352b5b82d105598266b5
    [callerphone] => 
    [phonenumber] => 78312668784
    [subPoolName] => Остальные
    [redirectNumber] => sip:user9@vpbx400299899.mangosip.ru
    [duration] => 19
    [waiting_time] => 0
    [calltime] => 2026-01-06 15:47:59
    [timestamp] => 1767703679
    [status] => successful
    [statusDetails] => Соединение состоялось. Разъединение пришло со стороны вызывающего абонента
    [unique] => true
    [targetcall] => non-target
    [uniqtargetcall] => non-uniqtarget
    [callback] => non-callback
    [worktime] => worktime
    [pool] => dynamic
    [rating] => 0
    [tags_all] => null
    [tags_auto_pr] => null
    [tags_auto_af] => null
    [tags_auto_gr] => null
    [tags_auto_ct] => null
    [tags_auto_pn] => null
    [tags_auto_text] => null
    [tags_manual] => null
    [tags_api] => null
    [tags_triggers] => null
    [tags_xls] => null
    [attribution] => 1
    [source] => Остальные
    [medium] => <не указано>
    [utm_source] => Остальные
    [utm_medium] => <не заполнено>
    [utm_campaign] => <не заполнено>
    [utm_content] => <не заполнено>
    [utm_term] => <не заполнено>
    [sessionId] => 0
    [ctClientId] => null
    [ctGlobalId] => null
    [hostname] => 
    [attrs] => {}
    [sip_call_id] => c58f88ad-65a0-123f-18a2-005056be6db2
    [callReferenceNumber] => ee2363fa-eafd-11f0-8d1e-cbe7421d6f8e
    [reclink] => https://api-node23.calltouch.ru/calls-service/RestAPI/download-call?jwtkey=eyJ0eXAiOiJKV1QiLCJhbGciOiJIUzUxMiJ9.eyJpc3N1ZXIiOiJDYWxsdG91Y2gtV0VCLUFQSSIsImlzc3VlZCI6MTc2NzcwMzgwNCwiZXhwIjoyMDgzMDYzODA0LCJzaXRlSWQiOjU3NTQwLCJjYWxsSWQiOjk3NTg0MjJ9.MWNyd4OOD00lSC2d_qC3y86CdCsFmdCoL2FXmQCA9bZcHr9CV0mUJgYmu21TvJ_2J_ZOXX2pq_qwCw1MC0sG3Q
    [orderId] => null
    [siteId] => 57540
    [siteName] => alldent-nn.ru
    [sendingTimestamp] => 1767703804
    [text] => null
    [manager] => null
    [spam] => false
    [callUrl] => Остальные
    [url] => Остальные
)


==== 2026-01-08 19:15:04 ====
File: ct_20260108_191503_695fd80738a47.json
EntityType=lead, EntityId=533107
dialedNumber=78312668782
callerPhone=+79305550240
callphase=calldisconnected
leadtype=call
POST:
Array
(
    [leadtype] => call
    [callphase] => calldisconnected
    [id] => 9773430
    [changedFields] => null
    [ctCallerId] => 6fe38c2c41f7d78e3748ae0f6f0d6b86
    [callerphone] => +79305550240
    [phonenumber] => 78312668782
    [subPoolName] => Остальные
    [redirectNumber] => sip:user9@vpbx400299899.mangosip.ru
    [duration] => 6
    [waiting_time] => 1
    [calltime] => 2026-01-08 19:13:37
    [timestamp] => 1767888817
    [status] => successful
    [statusDetails] => Соединение состоялось. Разъединение пришло со стороны вызывающего абонента
    [unique] => true
    [targetcall] => non-target
    [uniqtargetcall] => non-uniqtarget
    [callback] => non-callback
    [worktime] => worktime
    [pool] => dynamic
    [rating] => 0
    [tags_all] => null
    [tags_auto_pr] => null
    [tags_auto_af] => null
    [tags_auto_gr] => null
    [tags_auto_ct] => null
    [tags_auto_pn] => null
    [tags_auto_text] => null
    [tags_manual] => null
    [tags_api] => null
    [tags_triggers] => null
    [tags_xls] => null
    [attribution] => 1
    [source] => Остальные
    [medium] => <не указано>
    [utm_source] => Остальные
    [utm_medium] => <не заполнено>
    [utm_campaign] => <не заполнено>
    [utm_content] => <не заполнено>
    [utm_term] => <не заполнено>
    [sessionId] => 0
    [ctClientId] => null
    [ctGlobalId] => null
    [hostname] => 
    [attrs] => {}
    [sip_call_id] => d4a58fd0-674f-123f-18a2-005056be6db2
    [callReferenceNumber] => fd3ac602-ecac-11f0-b678-cbe7421d6f8e
    [reclink] => https://api-node23.calltouch.ru/calls-service/RestAPI/download-call?jwtkey=eyJ0eXAiOiJKV1QiLCJhbGciOiJIUzUxMiJ9.eyJpc3N1ZXIiOiJDYWxsdG91Y2gtV0VCLUFQSSIsImlzc3VlZCI6MTc2Nzg4ODkwMiwiZXhwIjoyMDgzMjQ4OTAyLCJzaXRlSWQiOjU3NTQwLCJjYWxsSWQiOjk3NzM0MzB9.bPxmGOA2hpQ18R6KxWDtAK1GnIBjcEj8pbinCdZryqQ2VX59E61uK-0xgMDbXwgx3oxPofVLYbtrkE-p-ua2AQ
    [orderId] => null
    [siteId] => 57540
    [siteName] => alldent-nn.ru
    [sendingTimestamp] => 1767888902
    [text] => null
    [manager] => null
    [spam] => false
    [callUrl] => Остальные
    [url] => Остальные
)


==== 2026-01-29 10:17:09 ====
File: ct_20260129_101707_697b0973a2c78.json
EntityType=lead, EntityId=570863
dialedNumber=78312668567
callerPhone=+79108811100
callphase=calldisconnected
leadtype=call
POST:
Array
(
    [leadtype] => call
    [callphase] => calldisconnected
    [id] => 9967694
    [changedFields] => null
    [ctCallerId] => d9037d690a19f0a9d9c840aec75b67d0
    [callerphone] => +79108811100
    [phonenumber] => 78312668567
    [subPoolName] => Остальные
    [redirectNumber] => sip:user9@vpbx400299899.mangosip.ru
    [duration] => 93
    [waiting_time] => 1
    [calltime] => 2026-01-29 10:13:55
    [timestamp] => 1769670835
    [status] => successful
    [statusDetails] => Соединение состоялось. Разъединение пришло со стороны вызываемого абонента
    [unique] => true
    [targetcall] => target
    [uniqtargetcall] => uniqtarget
    [callback] => non-callback
    [worktime] => worktime
    [pool] => dynamic
    [rating] => 0
    [tags_all] => null
    [tags_auto_pr] => null
    [tags_auto_af] => null
    [tags_auto_gr] => null
    [tags_auto_ct] => null
    [tags_auto_pn] => null
    [tags_auto_text] => null
    [tags_manual] => null
    [tags_api] => null
    [tags_triggers] => null
    [tags_xls] => null
    [attribution] => 1
    [source] => Остальные
    [medium] => <не указано>
    [utm_source] => Остальные
    [utm_medium] => <не заполнено>
    [utm_campaign] => <не заполнено>
    [utm_content] => <не заполнено>
    [utm_term] => <не заполнено>
    [sessionId] => 0
    [ctClientId] => null
    [ctGlobalId] => null
    [hostname] => 
    [attrs] => {}
    [sip_call_id] => ea43c693-7784-123f-1aa2-005056be6db2
    [callReferenceNumber] => 12d74d60-fce2-11f0-a6bf-cbe7421d6f8e
    [reclink] => https://api-node23.calltouch.ru/calls-service/RestAPI/download-call?jwtkey=eyJ0eXAiOiJKV1QiLCJhbGciOiJIUzUxMiJ9.eyJpc3N1ZXIiOiJDYWxsdG91Y2gtV0VCLUFQSSIsImlzc3VlZCI6MTc2OTY3MTAyNywiZXhwIjoyMDg1MDMxMDI3LCJzaXRlSWQiOjU3NTQwLCJjYWxsSWQiOjk5Njc2OTR9.xQArrpd43n7mWQoHjvJtGHQeuy9SIpnLAUbsL8TGON8-0-9fpAO9rZmaBIvBWBexzY6hrYT7H_EQhit8u0TtOQ
    [orderId] => null
    [siteId] => 57540
    [siteName] => alldent-nn.ru
    [sendingTimestamp] => 1769671027
    [text] => null
    [manager] => null
    [spam] => false
    [callUrl] => Остальные
    [url] => Остальные
)


==== 2026-02-04 09:25:03 ====
File: ct_20260204_092502_6982e63e2b89f.json
EntityType=lead, EntityId=580185
dialedNumber=78312668567
callerPhone=+79261691552
callphase=calldisconnected
leadtype=call
POST:
Array
(
    [leadtype] => call
    [callphase] => calldisconnected
    [id] => 10022977
    [changedFields] => null
    [ctCallerId] => 895a787b4e5777a36ee2a2174ddc7f7e
    [callerphone] => +79261691552
    [phonenumber] => 78312668567
    [subPoolName] => Остальные
    [redirectNumber] => sip:user9@vpbx400299899.mangosip.ru
    [duration] => 68
    [waiting_time] => 1
    [calltime] => 2026-02-04 09:22:10
    [timestamp] => 1770186130
    [status] => successful
    [statusDetails] => Соединение состоялось. Разъединение пришло со стороны вызываемого абонента
    [unique] => true
    [targetcall] => target
    [uniqtargetcall] => uniqtarget
    [callback] => non-callback
    [worktime] => worktime
    [pool] => dynamic
    [rating] => 0
    [tags_all] => null
    [tags_auto_pr] => null
    [tags_auto_af] => null
    [tags_auto_gr] => null
    [tags_auto_ct] => null
    [tags_auto_pn] => null
    [tags_auto_text] => null
    [tags_manual] => null
    [tags_api] => null
    [tags_triggers] => null
    [tags_xls] => null
    [attribution] => 1
    [source] => Остальные
    [medium] => <не указано>
    [utm_source] => Остальные
    [utm_medium] => <не заполнено>
    [utm_campaign] => <не заполнено>
    [utm_content] => <не заполнено>
    [utm_term] => <не заполнено>
    [sessionId] => 0
    [ctClientId] => null
    [ctGlobalId] => null
    [hostname] => 
    [attrs] => {}
    [sip_call_id] => ade4aad8-7c34-123f-1aa2-005056be6db2
    [callReferenceNumber] => d6772db8-0191-11f1-956b-cbe7421d6f8e
    [reclink] => https://api-node23.calltouch.ru/calls-service/RestAPI/download-call?jwtkey=eyJ0eXAiOiJKV1QiLCJhbGciOiJIUzUxMiJ9.eyJpc3N1ZXIiOiJDYWxsdG91Y2gtV0VCLUFQSSIsImlzc3VlZCI6MTc3MDE4NjMwMiwiZXhwIjoyMDg1NTQ2MzAyLCJzaXRlSWQiOjU3NTQwLCJjYWxsSWQiOjEwMDIyOTc3fQ.mIbrpHswkIxZ3UC-FtGQR0ePOUniQj60KpQhVjxgm0uOhQM6uacGWb8fceoG3fG1mtXVLgLpn8QXuIntAK1rzQ
    [orderId] => null
    [siteId] => 57540
    [siteName] => alldent-nn.ru
    [sendingTimestamp] => 1770186302
    [text] => null
    [manager] => null
    [spam] => false
    [callUrl] => Остальные
    [url] => Остальные
)


==== 2026-02-10 09:23:10 ====
File: ct_20260210_092309_698acecd366ec.json
EntityType=lead, EntityId=590757
dialedNumber=78312668567
callerPhone=+79306780114
callphase=calldisconnected
leadtype=call
POST:
Array
(
    [leadtype] => call
    [callphase] => calldisconnected
    [id] => 10078866
    [changedFields] => null
    [ctCallerId] => 579d8580d3ee70240b99f677e8bb06b4
    [callerphone] => +79306780114
    [phonenumber] => 78312668567
    [subPoolName] => Остальные
    [redirectNumber] => sip:user9@vpbx400299899.mangosip.ru
    [duration] => 78
    [waiting_time] => 1
    [calltime] => 2026-02-10 09:20:22
    [timestamp] => 1770704422
    [status] => successful
    [statusDetails] => Соединение состоялось. Разъединение пришло со стороны вызываемого абонента
    [unique] => false
    [targetcall] => target
    [uniqtargetcall] => non-uniqtarget
    [callback] => non-callback
    [worktime] => worktime
    [pool] => dynamic
    [rating] => 0
    [tags_all] => null
    [tags_auto_pr] => null
    [tags_auto_af] => null
    [tags_auto_gr] => null
    [tags_auto_ct] => null
    [tags_auto_pn] => null
    [tags_auto_text] => null
    [tags_manual] => null
    [tags_api] => null
    [tags_triggers] => null
    [tags_xls] => null
    [attribution] => 1
    [source] => yandex
    [medium] => cpc (yclid)
    [utm_source] => <не указано>
    [utm_medium] => <не указано>
    [utm_campaign] => <не указано>
    [utm_content] => <не указано>
    [utm_term] => <не указано>
    [yaClientId] => 1755068927278401024
    [sessionId] => 555044233
    [ctClientId] => 2300000000323778369
    [ctGlobalId] => null
    [hostname] => alldent-ao4.ru
    [url] => https://alldent-ao4.ru/?yclid=13871428185992200191
    [attrs] => {}
    [ref] => 
    [city] => ufa
    [browser] => Chrome
    [os] => Android
    [device] => smartphone
    [ip] => 109.187.38.1
    [sip_call_id] => 6c1ef842-80eb-123f-ce90-005056be6db2
    [callReferenceNumber] => 94b45048-0648-11f1-9633-7fa0e5e60ba9
    [reclink] => https://api-node23.calltouch.ru/calls-service/RestAPI/download-call?jwtkey=eyJ0eXAiOiJKV1QiLCJhbGciOiJIUzUxMiJ9.eyJpc3N1ZXIiOiJDYWxsdG91Y2gtV0VCLUFQSSIsImlzc3VlZCI6MTc3MDcwNDU4OCwiZXhwIjoyMDg2MDY0NTg4LCJzaXRlSWQiOjU3NTQwLCJjYWxsSWQiOjEwMDc4ODY2fQ.WOFz91rbzg3VycehoJ7hQh4nY-LYc9gmaxpgzqBpTulY6iCxJWINU-Ugct-kJI-ft-a6_Fb587SrlW9HwuFRbg
    [orderId] => null
    [siteId] => 57540
    [siteName] => alldent-nn.ru
    [userAgent] => Mozilla/5.0 (Linux; Android 10; Redmi 8) AppleWebKit/537.36 (KHTML, like Gecko) Version/4.0 Chrome/123.0.6312.118 Mobile Safari/537.36
    [sendingTimestamp] => 1770704588
    [text] => null
    [manager] => null
    [spam] => false
    [callUrl] => Остальные
)


==== 2026-02-17 11:23:12 ====
File: ct_20260217_112310_6994256ee95d7.json
EntityType=lead, EntityId=602710
dialedNumber=78312668574
callerPhone=+79046570628
callphase=calldisconnected
leadtype=call
POST:
Array
(
    [leadtype] => call
    [callphase] => calldisconnected
    [id] => 10149374
    [changedFields] => null
    [ctCallerId] => b520bd74cbf635196d35a6e1bc2e9c7d
    [callerphone] => +79046570628
    [phonenumber] => 78312668574
    [subPoolName] => Остальные
    [redirectNumber] => sip:user9@vpbx400299899.mangosip.ru
    [duration] => 31
    [waiting_time] => 1
    [calltime] => 2026-02-17 11:18:46
    [timestamp] => 1771316326
    [status] => successful
    [statusDetails] => Соединение состоялось. Разъединение пришло со стороны вызываемого абонента
    [unique] => true
    [targetcall] => target
    [uniqtargetcall] => uniqtarget
    [callback] => non-callback
    [worktime] => worktime
    [pool] => dynamic
    [rating] => 0
    [tags_all] => null
    [tags_auto_pr] => null
    [tags_auto_af] => null
    [tags_auto_gr] => null
    [tags_auto_ct] => null
    [tags_auto_pn] => null
    [tags_auto_text] => null
    [tags_manual] => null
    [tags_api] => null
    [tags_triggers] => null
    [tags_xls] => null
    [attribution] => 1
    [source] => Остальные
    [medium] => <не указано>
    [utm_source] => Остальные
    [utm_medium] => <не заполнено>
    [utm_campaign] => <не заполнено>
    [utm_content] => <не заполнено>
    [utm_term] => <не заполнено>
    [sessionId] => 0
    [ctClientId] => null
    [ctGlobalId] => null
    [hostname] => 
    [attrs] => {}
    [sip_call_id] => 1f258745-867c-123f-ce90-005056be6db2
    [callReferenceNumber] => 47b86450-0bd9-11f1-bcf5-7fa0e5e60ba9
    [reclink] => https://api-node23.calltouch.ru/calls-service/RestAPI/download-call?jwtkey=eyJ0eXAiOiJKV1QiLCJhbGciOiJIUzUxMiJ9.eyJpc3N1ZXIiOiJDYWxsdG91Y2gtV0VCLUFQSSIsImlzc3VlZCI6MTc3MTMxNjU5MCwiZXhwIjoyMDg2Njc2NTkwLCJzaXRlSWQiOjU3NTQwLCJjYWxsSWQiOjEwMTQ5Mzc0fQ.T3LN9I42BO1GdrIKbUvxJ0v6s5QfYzb2b9QnL1n5KVZj3Mxm6S6DjHn1i415DornwPHtEG30SQqYrX_KGeE3AA
    [orderId] => null
    [siteId] => 57540
    [siteName] => alldent-nn.ru
    [sendingTimestamp] => 1771316590
    [text] => null
    [manager] => null
    [spam] => false
    [callUrl] => Остальные
    [url] => Остальные
)


==== 2026-02-18 14:07:36 ====
File: ct_20260218_140734_69959d76f1991.json
EntityType=lead, EntityId=604794
dialedNumber=78312668784
callerPhone=+79049007105
callphase=calldisconnected
leadtype=call
POST:
Array
(
    [leadtype] => call
    [callphase] => calldisconnected
    [id] => 10164329
    [changedFields] => null
    [ctCallerId] => 914d21024c95fa2ddfaf6e6930c6a67d
    [callerphone] => +79049007105
    [phonenumber] => 78312668784
    [subPoolName] => Остальные
    [redirectNumber] => sip:user9@vpbx400299899.mangosip.ru
    [duration] => 37
    [waiting_time] => 1
    [calltime] => 2026-02-18 14:04:23
    [timestamp] => 1771412663
    [status] => successful
    [statusDetails] => Соединение состоялось. Разъединение пришло со стороны вызываемого абонента
    [unique] => true
    [targetcall] => target
    [uniqtargetcall] => uniqtarget
    [callback] => non-callback
    [worktime] => worktime
    [pool] => dynamic
    [rating] => 0
    [tags_all] => null
    [tags_auto_pr] => null
    [tags_auto_af] => null
    [tags_auto_gr] => null
    [tags_auto_ct] => null
    [tags_auto_pn] => null
    [tags_auto_text] => null
    [tags_manual] => null
    [tags_api] => null
    [tags_triggers] => null
    [tags_xls] => null
    [attribution] => 1
    [source] => Остальные
    [medium] => <не указано>
    [utm_source] => Остальные
    [utm_medium] => <не заполнено>
    [utm_campaign] => <не заполнено>
    [utm_content] => <не заполнено>
    [utm_term] => <не заполнено>
    [sessionId] => 0
    [ctClientId] => null
    [ctGlobalId] => null
    [hostname] => 
    [attrs] => {}
    [sip_call_id] => 6c31122b-875c-123f-ce90-005056be6db2
    [callReferenceNumber] => 94c4f3c2-0cb9-11f1-81c9-7fa0e5e60ba9
    [reclink] => https://api-node23.calltouch.ru/calls-service/RestAPI/download-call?jwtkey=eyJ0eXAiOiJKV1QiLCJhbGciOiJIUzUxMiJ9.eyJpc3N1ZXIiOiJDYWxsdG91Y2gtV0VCLUFQSSIsImlzc3VlZCI6MTc3MTQxMjg1NCwiZXhwIjoyMDg2NzcyODU0LCJzaXRlSWQiOjU3NTQwLCJjYWxsSWQiOjEwMTY0MzI5fQ.-t-IWqKZLSZE0WcWNZQBxuE6ln1MO49CEfqlhvoMVW8okyunDopXAvxcQCamoz0yjsu4z0pX-WRHCqhoHOnd5Q
    [orderId] => null
    [siteId] => 57540
    [siteName] => alldent-nn.ru
    [sendingTimestamp] => 1771412854
    [text] => null
    [manager] => null
    [spam] => false
    [callUrl] => Остальные
    [url] => Остальные
)


==== 2026-02-25 16:13:05 ====
File: ct_20260225_161303_699ef55f5fd9b.json
EntityType=lead, EntityId=616448
dialedNumber=78312668574
callerPhone=+79867296389
callphase=calldisconnected
leadtype=call
POST:
Array
(
    [leadtype] => call
    [callphase] => calldisconnected
    [id] => 10228700
    [changedFields] => null
    [ctCallerId] => 5710bd515549fe3713ef7018a4f9d85e
    [callerphone] => +79867296389
    [phonenumber] => 78312668574
    [subPoolName] => Остальные
    [redirectNumber] => sip:user9@vpbx400299899.mangosip.ru
    [duration] => 35
    [waiting_time] => 0
    [calltime] => 2026-02-25 16:11:05
    [timestamp] => 1772025065
    [status] => successful
    [statusDetails] => Соединение состоялось. Разъединение пришло со стороны вызываемого абонента
    [unique] => true
    [targetcall] => target
    [uniqtargetcall] => uniqtarget
    [callback] => non-callback
    [worktime] => worktime
    [pool] => dynamic
    [rating] => 0
    [tags_all] => null
    [tags_auto_pr] => null
    [tags_auto_af] => null
    [tags_auto_gr] => null
    [tags_auto_ct] => null
    [tags_auto_pn] => null
    [tags_auto_text] => null
    [tags_manual] => null
    [tags_api] => null
    [tags_triggers] => null
    [tags_xls] => null
    [attribution] => 1
    [source] => Остальные
    [medium] => <не указано>
    [utm_source] => Остальные
    [utm_medium] => <не заполнено>
    [utm_campaign] => <не заполнено>
    [utm_content] => <не заполнено>
    [utm_term] => <не заполнено>
    [sessionId] => 0
    [ctClientId] => null
    [ctGlobalId] => null
    [hostname] => 
    [attrs] => {}
    [sip_call_id] => 48579c93-8cee-123f-cf90-005056be6db2
    [callReferenceNumber] => 70e98bb0-124b-11f1-a3f5-7fa0e5e60ba9
    [reclink] => https://api-node23.calltouch.ru/calls-service/RestAPI/download-call?jwtkey=eyJ0eXAiOiJKV1QiLCJhbGciOiJIUzUxMiJ9.eyJpc3N1ZXIiOiJDYWxsdG91Y2gtV0VCLUFQSSIsImlzc3VlZCI6MTc3MjAyNTE4MywiZXhwIjoyMDg3Mzg1MTgzLCJzaXRlSWQiOjU3NTQwLCJjYWxsSWQiOjEwMjI4NzAwfQ.l_6V4zHMRVCwHn19TlAmxoZS9QwwEilcvoreXTz6RkX07tSAK0NEE-9wVU9wDEuntONJSiIuqCSsbd-w_p8M_w
    [orderId] => null
    [siteId] => 57540
    [siteName] => alldent-nn.ru
    [sendingTimestamp] => 1772025183
    [text] => null
    [manager] => null
    [spam] => false
    [callUrl] => Остальные
    [url] => Остальные
)


