==== 2026-03-12 13:23:16 ====
File: ct_20260312_132314_69b294127222e.json
EntityType=lead, EntityId=645080
dialedNumber=78612025214
callerPhone=+79184325770
callphase=calldisconnected
leadtype=call
POST:
Array
(
    [leadtype] => call
    [callphase] => calldisconnected
    [id] => 6024820
    [changedFields] => null
    [ctCallerId] => d5612dea2f2fb1f19e5035e4e4917651
    [callerphone] => +79184325770
    [phonenumber] => 78612025214
    [subPoolName] => Остальные
    [redirectNumber] => sip:krasnodar_per_lead@krasnodar.dreamteamcompany.n3.voximplant.com:5060
    [duration] => 284
    [waiting_time] => 0
    [calltime] => 2026-03-12 13:16:52
    [timestamp] => 1773310612
    [status] => successful
    [statusDetails] => Соединение состоялось. Разъединение пришло со стороны вызываемого абонента
    [unique] => true
    [targetcall] => target
    [uniqtargetcall] => uniqtarget
    [callback] => non-callback
    [worktime] => worktime
    [pool] => dynamic
    [rating] => 0
    [tags_all] => null
    [tags_auto_pr] => null
    [tags_auto_af] => null
    [tags_auto_gr] => null
    [tags_auto_ct] => null
    [tags_auto_pn] => null
    [tags_auto_text] => null
    [tags_manual] => null
    [tags_api] => null
    [tags_triggers] => null
    [tags_xls] => null
    [attribution] => 1
    [source] => yandex_n
    [medium] => cpc
    [utm_source] => yandex_n
    [utm_medium] => cpc
    [utm_campaign] => krd-vn4_yandex_cpc_vsena4_ps_krd_k
    [utm_content] => ad_id|17623195519|banner_id|17623195519|campaign_type|type1|campaign_id|706052144|device_type|mobile|group_id|5696880367|phrase_id|205696880367|position|0|position_type|none|placement|m.dzen.ru|placement_type|context|region_name|Краснодар|correction|0|
    [utm_term] => ---autotargeting
    [yaClientId] => 1771840086477858755
    [sessionId] => 364232121
    [ctClientId] => 2800000000239361962
    [ctGlobalId] => null
    [hostname] => krasnodar-vsena4.ru
    [url] => https://krasnodar-vsena4.ru/?utm_source=yandex_n&utm_medium=cpc&utm_campaign=krd-vn4_yandex_cpc_vsena4_ps_krd_k&utm_term=---autotargeting&utm_content=ad_id|17623195519|banner_id|17623195519|campaign_type|type1|campaign_id|706052144|device_type|mobile|group_id|5696880367|phrase_id|205696880367|position|0|position_type|none|placement|m.dzen.ru|placement_type|context|region_name|Краснодар|correction|0|&calltouch_tm=yd_c:706052144_gb:5696880367_ad:17623195519_ph:205696880367_st:context_pt:none_p:0_s:m.dzen.ru_dt:mobile_reg:35_ret:205696880367_apt:none&yclid=1179514682526138367&ybaip=1
    [attrs] => {}
    [ref] => https://m.dzen.ru/news/story/d837f45e-0357-52cc-a71b-adfa2b234812?from=story&lang=ru&opertop=1&page=10&persistent_id=3324162548&rubric=army&story=37b0a2c6-5a27-5ad3-a2b5-145a7aac30b0&t=7437795941144330240
    [city] => krasnodar
    [browser] => YaBrowser
    [os] => Android
    [device] => smartphone
    [ip] => 46.159.36.29
    [sip_call_id] => 6e043297-989f-123f-05ab-005056beb46b
    [callReferenceNumber] => 96923ba2-1dfc-11f1-921a-1d5faa77b238
    [reclink] => https://api-node28.calltouch.ru/calls-service/RestAPI/download-call?jwtkey=eyJ0eXAiOiJKV1QiLCJhbGciOiJIUzUxMiJ9.eyJpc3N1ZXIiOiJDYWxsdG91Y2gtV0VCLUFQSSIsImlzc3VlZCI6MTc3MzMxMDk5MCwiZXhwIjoyMDg4NjcwOTkwLCJzaXRlSWQiOjY5MDQzLCJjYWxsSWQiOjYwMjQ4MjB9.An0HMuVr7SS4sXBDeEdyC5wNo_EBcoLitUrmptuDnfZaRoRVD6iHn52zi3jXM909hRX1Y8RBM3VJ4uEKttiqoQ
    [orderId] => null
    [siteId] => 69043
    [siteName] => flyclinic-vsena4.ru
    [userAgent] => Mozilla/5.0 (Linux; arm_64; Android 12; CRT-LX1) AppleWebKit/537.36 (KHTML, like Gecko) Chrome/144.0.7559.114 YaBrowser/26.3.1.114.00 Mobile Safari/537.36
    [sendingTimestamp] => 1773310990
    [text] => null
    [manager] => null
    [spam] => false
    [callUrl] => Остальные
)


==== 2026-03-13 09:17:18 ====
File: ct_20260313_091716_69b3abec8d752.json
EntityType=lead, EntityId=648093
dialedNumber=78612588670
callerPhone=+79250741026
callphase=calldisconnected
leadtype=call
POST:
Array
(
    [leadtype] => call
    [callphase] => calldisconnected
    [id] => 6033052
    [changedFields] => null
    [ctCallerId] => b46d9ed438b428ab47c10cc8c2e7d25a
    [callerphone] => +79250741026
    [phonenumber] => 78612588670
    [subPoolName] => null
    [redirectNumber] => sip:krasnodar_per_lead@krasnodar.dreamteamcompany.n3.voximplant.com:5060
    [duration] => 30
    [waiting_time] => 30
    [calltime] => 2026-03-13 09:15:16
    [timestamp] => 1773382516
    [status] => unsuccessful
    [statusDetails] => Колл-центр не подтвердил соединение по клавише
    [unique] => true
    [targetcall] => non-target
    [uniqtargetcall] => non-uniqtarget
    [callback] => callback
    [worktime] => worktime
    [pool] => null
    [rating] => 0
    [tags_all] => Обратный звонок с виджета,ОЗ
    [tags_auto_pr] => null
    [tags_auto_af] => null
    [tags_auto_gr] => null
    [tags_auto_ct] => Обратный звонок с виджета,ОЗ
    [tags_auto_pn] => null
    [tags_auto_text] => null
    [tags_manual] => null
    [tags_api] => null
    [tags_triggers] => null
    [tags_xls] => null
    [attribution] => 1
    [source] => yandex_n
    [medium] => cpc
    [utm_source] => yandex_n
    [utm_medium] => cpc
    [utm_campaign] => krd-vn4_yandex_cpc_vsena4_ps_krd_k
    [utm_content] => ad_id|17643732772|banner_id|17643732772|campaign_type|type1|campaign_id|706052144|device_type|desktop|group_id|5696880367|phrase_id|205696880367|position|0|position_type|none|placement|dzen.ru|placement_type|context|region_name|Krasnodar|correction|0|
    [utm_term] => ---autotargeting
    [yaClientId] => 1773129516502630697
    [sessionId] => 364679958
    [ctClientId] => 2800000000244945023
    [ctGlobalId] => null
    [hostname] => krasnodar-vsena4.ru
    [url] => https://krasnodar-vsena4.ru/?utm_source=yandex_n&utm_medium=cpc&utm_campaign=krd-vn4_yandex_cpc_vsena4_ps_krd_k&utm_term=---autotargeting&utm_content=ad_id|17643732772|banner_id|17643732772|campaign_type|type1|campaign_id|706052144|device_type|desktop|group_id|5696880367|phrase_id|205696880367|position|0|position_type|none|placement|dzen.ru|placement_type|context|region_name|Krasnodar|correction|0|&calltouch_tm=yd_c:706052144_gb:5696880367_ad:17643732772_ph:205696880367_st:context_pt:none_p:0_s:dzen.ru_dt:desktop_reg:35_ret:205696880367_apt:none&yclid=2506032706620489727&ybaip=1
    [attrs] => {}
    [callback_request_id] => 234798694
    [callback_final_attempt] => 0
    [ref] => 
    [city] => krasnodar
    [browser] => Chrome
    [os] => Windows
    [device] => desktop
    [ip] => 37.78.31.87
    [sip_call_id] => d8307c92-9946-123f-e6b5-005056be61fd
    [callReferenceNumber] => 00d1b64e-1ea4-11f1-88db-610d0c934a6c
    [reclink] => https://api-node28.calltouch.ru/calls-service/RestAPI/download-call?jwtkey=eyJ0eXAiOiJKV1QiLCJhbGciOiJIUzUxMiJ9.eyJpc3N1ZXIiOiJDYWxsdG91Y2gtV0VCLUFQSSIsImlzc3VlZCI6MTc3MzM4MjYzNiwiZXhwIjoyMDg4NzQyNjM2LCJzaXRlSWQiOjY5MDQzLCJjYWxsSWQiOjYwMzMwNTJ9.5W4bPz4CxvbZo0wB99o_583VgcEpfujgYKu9pIaRT6IA_do_xjUQgEzj1RrAc2Mo2zqGyNHtBUKNJq1sB5_LXA
    [orderId] => null
    [siteId] => 69043
    [siteName] => flyclinic-vsena4.ru
    [userAgent] => Mozilla/5.0 (Windows NT 10.0; Win64; x64) AppleWebKit/537.36 (KHTML, like Gecko) Chrome/122.0.6261.95 Safari/537.36
    [sendingTimestamp] => 1773382636
    [text] => null
    [manager] => null
    [spam] => false
    [callback_custom_fields] => Array
        (
            [0] => Array
                (
                    [name] => name
                    [value] => Александр
                )

            [1] => Array
                (
                    [name] => phone
                    [value] => 79250741026
                )

        )

    [callUrl] => null
)


==== 2026-03-13 09:26:05 ====
File: ct_20260313_092605_69b3adfda1edb.json
EntityType=lead, EntityId=648093
dialedNumber=78612025515
callerPhone=+79250741026
callphase=calldisconnected
leadtype=call
POST:
Array
(
    [leadtype] => call
    [callphase] => calldisconnected
    [id] => 6033094
    [changedFields] => null
    [ctCallerId] => b46d9ed438b428ab47c10cc8c2e7d25a
    [callerphone] => +79250741026
    [phonenumber] => 78612025515
    [subPoolName] => Остальные
    [redirectNumber] => sip:krasnodar_per_lead@krasnodar.dreamteamcompany.n3.voximplant.com:5060
    [duration] => 344
    [waiting_time] => 0
    [calltime] => 2026-03-13 09:18:28
    [timestamp] => 1773382708
    [status] => successful
    [statusDetails] => Соединение состоялось. Разъединение пришло со стороны вызывающего абонента
    [unique] => false
    [targetcall] => target
    [uniqtargetcall] => uniqtarget
    [callback] => non-callback
    [worktime] => worktime
    [pool] => dynamic
    [rating] => 0
    [tags_all] => Перезвонили на пропущенный вызов
    [tags_auto_pr] => null
    [tags_auto_af] => null
    [tags_auto_gr] => null
    [tags_auto_ct] => Перезвонили на пропущенный вызов
    [tags_auto_pn] => null
    [tags_auto_text] => null
    [tags_manual] => null
    [tags_api] => null
    [tags_triggers] => null
    [tags_xls] => null
    [attribution] => 1
    [source] => yandex_n
    [medium] => cpc
    [utm_source] => yandex_n
    [utm_medium] => cpc
    [utm_campaign] => krd-vn4_yandex_cpc_vsena4_ps_krd_k
    [utm_content] => ad_id|17643732772|banner_id|17643732772|campaign_type|type1|campaign_id|706052144|device_type|desktop|group_id|5696880367|phrase_id|205696880367|position|0|position_type|none|placement|dzen.ru|placement_type|context|region_name|Krasnodar|correction|0|
    [utm_term] => ---autotargeting
    [yaClientId] => 1773129516502630697
    [sessionId] => 364679958
    [ctClientId] => 2800000000244945023
    [ctGlobalId] => null
    [hostname] => krasnodar-vsena4.ru
    [url] => https://krasnodar-vsena4.ru/?utm_source=yandex_n&utm_medium=cpc&utm_campaign=krd-vn4_yandex_cpc_vsena4_ps_krd_k&utm_term=---autotargeting&utm_content=ad_id|17643732772|banner_id|17643732772|campaign_type|type1|campaign_id|706052144|device_type|desktop|group_id|5696880367|phrase_id|205696880367|position|0|position_type|none|placement|dzen.ru|placement_type|context|region_name|Krasnodar|correction|0|&calltouch_tm=yd_c:706052144_gb:5696880367_ad:17643732772_ph:205696880367_st:context_pt:none_p:0_s:dzen.ru_dt:desktop_reg:35_ret:205696880367_apt:none&yclid=2506032706620489727&ybaip=1
    [attrs] => {}
    [ref] => 
    [city] => krasnodar
    [browser] => Chrome
    [os] => Windows
    [device] => desktop
    [ip] => 37.78.31.87
    [sip_call_id] => 4aa4cf61-9947-123f-05ab-005056beb46b
    [callReferenceNumber] => 73370248-1ea4-11f1-bb7b-1d5faa77b238
    [reclink] => https://api-node28.calltouch.ru/calls-service/RestAPI/download-call?jwtkey=eyJ0eXAiOiJKV1QiLCJhbGciOiJIUzUxMiJ9.eyJpc3N1ZXIiOiJDYWxsdG91Y2gtV0VCLUFQSSIsImlzc3VlZCI6MTc3MzM4MzE2NSwiZXhwIjoyMDg4NzQzMTY1LCJzaXRlSWQiOjY5MDQzLCJjYWxsSWQiOjYwMzMwOTR9.blpCB42K1i8ue3_X6qNRSC5oFY4e-eu-JVzXWNp4pMX9t7Dbd73RYzbOi-Vk4e58Lcwr95edMQEYRFFODqUlMw
    [orderId] => null
    [siteId] => 69043
    [siteName] => flyclinic-vsena4.ru
    [userAgent] => Mozilla/5.0 (Windows NT 10.0; Win64; x64) AppleWebKit/537.36 (KHTML, like Gecko) Chrome/122.0.6261.95 Safari/537.36
    [sendingTimestamp] => 1773383165
    [text] => null
    [manager] => null
    [spam] => false
    [callUrl] => Остальные
)


==== 2026-03-13 09:34:06 ====
File: ct_20260313_093404_69b3afdca2813.json
EntityType=lead, EntityId=648162
dialedNumber=78612588670
callerPhone=+79852323232
callphase=calldisconnected
leadtype=call
POST:
Array
(
    [leadtype] => call
    [callphase] => calldisconnected
    [id] => 6033354
    [changedFields] => null
    [ctCallerId] => f4ee903d12bf6ebc24ec44ea2ae0f23c
    [callerphone] => +79852323232
    [phonenumber] => 78612588670
    [subPoolName] => null
    [redirectNumber] => sip:krasnodar_per_lead@krasnodar.dreamteamcompany.n3.voximplant.com:5060
    [duration] => 31
    [waiting_time] => 31
    [calltime] => 2026-03-13 09:31:42
    [timestamp] => 1773383502
    [status] => unsuccessful
    [statusDetails] => Колл-центр не подтвердил соединение по клавише
    [unique] => false
    [targetcall] => non-target
    [uniqtargetcall] => non-uniqtarget
    [callback] => callback
    [worktime] => worktime
    [pool] => null
    [rating] => 0
    [tags_all] => Обратный звонок с виджета,ОЗ
    [tags_auto_pr] => null
    [tags_auto_af] => null
    [tags_auto_gr] => null
    [tags_auto_ct] => Обратный звонок с виджета,ОЗ
    [tags_auto_pn] => null
    [tags_auto_text] => null
    [tags_manual] => null
    [tags_api] => null
    [tags_triggers] => null
    [tags_xls] => null
    [attribution] => 1
    [source] => yandex_n
    [medium] => cpc
    [utm_source] => yandex_n
    [utm_medium] => cpc
    [utm_campaign] => krd-vn4_yandex_cpc_vsena4_eg_krd
    [utm_content] => ad_id|1897957305212807846|banner_id|1897957305212807846|campaign_type|type1|campaign_id|706052088|device_type|desktop|group_id|5696879778|phrase_id|205696879778|position|0|position_type|none|placement|t.me|placement_type|context|region_name|Краснодар|correction|0|
    [utm_term] => ---autotargeting
    [yaClientId] => 1767679107346732848
    [sessionId] => 364627855
    [ctClientId] => 2800000000219608415
    [ctGlobalId] => null
    [hostname] => krasnodar-vsena4.ru
    [url] => https://krasnodar-vsena4.ru/?utm_source=yandex_n&utm_medium=cpc&utm_campaign=krd-vn4_yandex_cpc_vsena4_eg_krd&utm_term=---autotargeting&utm_content=ad_id|1897957305212807846|banner_id|1897957305212807846|campaign_type|type1|campaign_id|706052088|device_type|desktop|group_id|5696879778|phrase_id|205696879778|position|0|position_type|none|placement|t.me|placement_type|context|region_name|Краснодар|correction|0|&calltouch_tm=yd_c:706052088_gb:5696879778_ad:1897957305212807846_ph:205696879778_st:context_pt:none_p:0_s:t.me_dt:desktop_reg:35_ret:205696879778_apt:none&yclid=5043624471883939839
    [attrs] => {}
    [callback_request_id] => 234793977
    [callback_final_attempt] => 0
    [ref] => 
    [city] => moscow
    [browser] => Chrome
    [os] => Windows
    [device] => desktop
    [ip] => 95.25.182.25
    [sip_call_id] => 24346cc8-9949-123f-1ebd-005056bef48d
    [callReferenceNumber] => 4ccfe8ca-1ea6-11f1-8d94-df38e9509181
    [reclink] => https://api-node28.calltouch.ru/calls-service/RestAPI/download-call?jwtkey=eyJ0eXAiOiJKV1QiLCJhbGciOiJIUzUxMiJ9.eyJpc3N1ZXIiOiJDYWxsdG91Y2gtV0VCLUFQSSIsImlzc3VlZCI6MTc3MzM4MzY0NCwiZXhwIjoyMDg4NzQzNjQ0LCJzaXRlSWQiOjY5MDQzLCJjYWxsSWQiOjYwMzMzNTR9.VYFjYvZK5_0vikfgFWT2Gj97umb6RNdrAA7hkvoXNVYT4Bf8or8x1MNfZ5nIFWty5xAsoGXC_HGJAJqfsC8HSA
    [orderId] => null
    [siteId] => 69043
    [siteName] => flyclinic-vsena4.ru
    [userAgent] => Mozilla/5.0 (Windows NT 10.0; Win64; x64) AppleWebKit/537.36 (KHTML, like Gecko) Chrome/122.0.6261.95 Safari/537.36
    [sendingTimestamp] => 1773383644
    [text] => null
    [manager] => null
    [spam] => false
    [callback_custom_fields] => Array
        (
            [0] => Array
                (
                    [name] => name
                    [value] => byyf
                )

            [1] => Array
                (
                    [name] => phone
                    [value] => 79852323232
                )

        )

    [callUrl] => null
)


==== 2026-03-13 09:38:14 ====
File: ct_20260313_093813_69b3b0d5e9718.json
EntityType=lead, EntityId=648162
dialedNumber=78612588670
callerPhone=+79852323232
callphase=calldisconnected
leadtype=call
POST:
Array
(
    [leadtype] => call
    [callphase] => calldisconnected
    [id] => 6033415
    [changedFields] => null
    [ctCallerId] => f4ee903d12bf6ebc24ec44ea2ae0f23c
    [callerphone] => +79852323232
    [phonenumber] => 78612588670
    [subPoolName] => null
    [redirectNumber] => sip:krasnodar_per_lead@krasnodar.dreamteamcompany.n3.voximplant.com:5060
    [duration] => 36
    [waiting_time] => 30
    [calltime] => 2026-03-13 09:35:28
    [timestamp] => 1773383728
    [status] => successful
    [unique] => false
    [targetcall] => target
    [uniqtargetcall] => uniqtarget
    [callback] => callback
    [worktime] => worktime
    [pool] => null
    [rating] => 0
    [tags_all] => Обратный звонок с виджета,ОЗ,Последний в цепочке
    [tags_auto_pr] => null
    [tags_auto_af] => null
    [tags_auto_gr] => null
    [tags_auto_ct] => Обратный звонок с виджета,ОЗ,Последний в цепочке
    [tags_auto_pn] => null
    [tags_auto_text] => null
    [tags_manual] => null
    [tags_api] => null
    [tags_triggers] => null
    [tags_xls] => null
    [attribution] => 1
    [source] => yandex_n
    [medium] => cpc
    [utm_source] => yandex_n
    [utm_medium] => cpc
    [utm_campaign] => krd-vn4_yandex_cpc_vsena4_eg_krd
    [utm_content] => ad_id|1897957305212807846|banner_id|1897957305212807846|campaign_type|type1|campaign_id|706052088|device_type|desktop|group_id|5696879778|phrase_id|205696879778|position|0|position_type|none|placement|t.me|placement_type|context|region_name|Краснодар|correction|0|
    [utm_term] => ---autotargeting
    [yaClientId] => 1767679107346732848
    [sessionId] => 364627855
    [ctClientId] => 2800000000219608415
    [ctGlobalId] => null
    [hostname] => krasnodar-vsena4.ru
    [url] => https://krasnodar-vsena4.ru/?utm_source=yandex_n&utm_medium=cpc&utm_campaign=krd-vn4_yandex_cpc_vsena4_eg_krd&utm_term=---autotargeting&utm_content=ad_id|1897957305212807846|banner_id|1897957305212807846|campaign_type|type1|campaign_id|706052088|device_type|desktop|group_id|5696879778|phrase_id|205696879778|position|0|position_type|none|placement|t.me|placement_type|context|region_name|Краснодар|correction|0|&calltouch_tm=yd_c:706052088_gb:5696879778_ad:1897957305212807846_ph:205696879778_st:context_pt:none_p:0_s:t.me_dt:desktop_reg:35_ret:205696879778_apt:none&yclid=5043624471883939839
    [attrs] => {}
    [callback_request_id] => 234793977
    [callback_final_attempt] => 1
    [ref] => 
    [city] => moscow
    [browser] => Chrome
    [os] => Windows
    [device] => desktop
    [ip] => 95.25.182.25
    [sip_call_id] => aaa18cf0-9949-123f-e6b5-005056be61fd
    [callReferenceNumber] => d342da48-1ea6-11f1-a8dd-610d0c934a6c
    [reclink] => https://api-node28.calltouch.ru/calls-service/RestAPI/download-call?jwtkey=eyJ0eXAiOiJKV1QiLCJhbGciOiJIUzUxMiJ9.eyJpc3N1ZXIiOiJDYWxsdG91Y2gtV0VCLUFQSSIsImlzc3VlZCI6MTc3MzM4Mzg5MCwiZXhwIjoyMDg4NzQzODkwLCJzaXRlSWQiOjY5MDQzLCJjYWxsSWQiOjYwMzM0MTV9.nR7ptnbpa_QtPQil-5SP2zof8MV21h2OYI-TMpjs-SufQjl0REBGXPz0q0pAQcpUJFRFCNkau2caDDM9ob1DOA
    [orderId] => null
    [siteId] => 69043
    [siteName] => flyclinic-vsena4.ru
    [userAgent] => Mozilla/5.0 (Windows NT 10.0; Win64; x64) AppleWebKit/537.36 (KHTML, like Gecko) Chrome/122.0.6261.95 Safari/537.36
    [sendingTimestamp] => 1773383890
    [text] => null
    [manager] => null
    [spam] => false
    [callback_custom_fields] => Array
        (
            [0] => Array
                (
                    [name] => name
                    [value] => byyf
                )

            [1] => Array
                (
                    [name] => phone
                    [value] => 79852323232
                )

        )

    [callUrl] => null
)


